{"/home/travis/build/npmtest/node-npmtest-zmq/test.js":{"path":"/home/travis/build/npmtest/node-npmtest-zmq/test.js","s":{"1":2,"2":2,"3":2,"4":2,"5":2,"6":2,"7":2,"8":1,"9":2,"10":2,"11":1,"12":1,"13":1,"14":1,"15":2,"16":2,"17":2,"18":2,"19":1,"20":1,"21":2,"22":2,"23":2,"24":1,"25":1,"26":1,"27":1,"28":1,"29":1,"30":1,"31":1,"32":1,"33":1,"34":1,"35":1,"36":1,"37":1,"38":1,"39":2,"40":2,"41":1,"42":2,"43":2,"44":1,"45":2,"46":2,"47":1,"48":2,"49":2,"50":1,"51":1,"52":1,"53":1,"54":1},"b":{"1":[2,1,1,1],"2":[1,1,1,1],"3":[1,1],"4":[1,1],"5":[1,1],"6":[1,1],"7":[1,1],"8":[1,1],"9":[1,1],"10":[1,1,1],"11":[1,1],"12":[1,1],"13":[1,1],"14":[1,1],"15":[1,1],"16":[1,1],"17":[1,1]},"f":{"1":2,"2":2,"3":2,"4":2,"5":2,"6":1,"7":1,"8":1,"9":2,"10":2,"11":2,"12":2,"13":1},"fnMap":{"1":{"name":"(anonymous_1)","line":12,"loc":{"start":{"line":12,"column":1},"end":{"line":12,"column":13}}},"2":{"name":"(anonymous_2)","line":19,"loc":{"start":{"line":19,"column":5},"end":{"line":19,"column":17}}},"3":{"name":"(anonymous_3)","line":23,"loc":{"start":{"line":23,"column":24},"end":{"line":23,"column":36}}},"4":{"name":"(anonymous_4)","line":61,"loc":{"start":{"line":61,"column":5},"end":{"line":61,"column":17}}},"5":{"name":"(anonymous_5)","line":82,"loc":{"start":{"line":82,"column":5},"end":{"line":82,"column":17}}},"6":{"name":"(anonymous_6)","line":91,"loc":{"start":{"line":91,"column":77},"end":{"line":94,"column":10}}},"7":{"name":"(anonymous_7)","line":112,"loc":{"start":{"line":112,"column":83},"end":{"line":115,"column":10}},"skip":true},"8":{"name":"(anonymous_8)","line":123,"loc":{"start":{"line":123,"column":77},"end":{"line":126,"column":10}},"skip":true},"9":{"name":"(anonymous_9)","line":139,"loc":{"start":{"line":139,"column":12},"end":{"line":139,"column":40}},"skip":true},"10":{"name":"(anonymous_10)","line":147,"loc":{"start":{"line":147,"column":77},"end":{"line":150,"column":10}},"skip":true},"11":{"name":"(anonymous_11)","line":158,"loc":{"start":{"line":158,"column":83},"end":{"line":161,"column":10}},"skip":true},"12":{"name":"(anonymous_12)","line":169,"loc":{"start":{"line":169,"column":79},"end":{"line":172,"column":10}},"skip":true},"13":{"name":"(anonymous_13)","line":180,"loc":{"start":{"line":180,"column":75},"end":{"line":183,"column":10}},"skip":true}},"statementMap":{"1":{"start":{"line":12,"column":0},"end":{"line":195,"column":5}},"2":{"start":{"line":14,"column":4},"end":{"line":14,"column":14}},"3":{"start":{"line":19,"column":4},"end":{"line":56,"column":9}},"4":{"start":{"line":21,"column":8},"end":{"line":21,"column":19}},"5":{"start":{"line":23,"column":8},"end":{"line":35,"column":13}},"6":{"start":{"line":24,"column":12},"end":{"line":34,"column":13}},"7":{"start":{"line":25,"column":16},"end":{"line":28,"column":30}},"8":{"start":{"line":30,"column":16},"end":{"line":33,"column":27}},"9":{"start":{"line":37,"column":8},"end":{"line":39,"column":21}},"10":{"start":{"line":40,"column":8},"end":{"line":53,"column":9}},"11":{"start":{"line":43,"column":12},"end":{"line":46,"column":14}},"12":{"start":{"line":47,"column":12},"end":{"line":47,"column":18}},"13":{"start":{"line":50,"column":12},"end":{"line":51,"column":33}},"14":{"start":{"line":52,"column":12},"end":{"line":52,"column":18}},"15":{"start":{"line":55,"column":8},"end":{"line":55,"column":35}},"16":{"start":{"line":61,"column":4},"end":{"line":63,"column":9}},"17":{"start":{"line":62,"column":8},"end":{"line":62,"column":15}},"18":{"start":{"line":64,"column":4},"end":{"line":77,"column":5}},"19":{"start":{"line":70,"column":8},"end":{"line":70,"column":14}},"20":{"start":{"line":76,"column":8},"end":{"line":76,"column":14}},"21":{"start":{"line":82,"column":4},"end":{"line":84,"column":9}},"22":{"start":{"line":83,"column":8},"end":{"line":83,"column":15}},"23":{"start":{"line":85,"column":4},"end":{"line":194,"column":5}},"24":{"start":{"line":91,"column":8},"end":{"line":99,"column":10}},"25":{"start":{"line":98,"column":12},"end":{"line":98,"column":35}},"26":{"start":{"line":102,"column":8},"end":{"line":104,"column":63}},"27":{"start":{"line":105,"column":8},"end":{"line":105,"column":14}},"28":{"start":{"line":112,"column":8},"end":{"line":121,"column":10},"skip":true},"29":{"start":{"line":119,"column":12},"end":{"line":119,"column":55},"skip":true},"30":{"start":{"line":120,"column":12},"end":{"line":120,"column":48},"skip":true},"31":{"start":{"line":123,"column":8},"end":{"line":136,"column":10},"skip":true},"32":{"start":{"line":130,"column":12},"end":{"line":130,"column":76},"skip":true},"33":{"start":{"line":131,"column":12},"end":{"line":131,"column":73},"skip":true},"34":{"start":{"line":132,"column":12},"end":{"line":132,"column":74},"skip":true},"35":{"start":{"line":133,"column":12},"end":{"line":133,"column":79},"skip":true},"36":{"start":{"line":134,"column":12},"end":{"line":134,"column":25},"skip":true},"37":{"start":{"line":135,"column":12},"end":{"line":135,"column":45},"skip":true},"38":{"start":{"line":138,"column":8},"end":{"line":145,"column":14},"skip":true},"39":{"start":{"line":143,"column":16},"end":{"line":143,"column":29},"skip":true},"40":{"start":{"line":144,"column":16},"end":{"line":144,"column":55},"skip":true},"41":{"start":{"line":147,"column":8},"end":{"line":156,"column":10},"skip":true},"42":{"start":{"line":154,"column":12},"end":{"line":154,"column":25},"skip":true},"43":{"start":{"line":155,"column":12},"end":{"line":155,"column":45},"skip":true},"44":{"start":{"line":158,"column":8},"end":{"line":167,"column":10},"skip":true},"45":{"start":{"line":165,"column":12},"end":{"line":165,"column":25},"skip":true},"46":{"start":{"line":166,"column":12},"end":{"line":166,"column":48},"skip":true},"47":{"start":{"line":169,"column":8},"end":{"line":178,"column":10},"skip":true},"48":{"start":{"line":176,"column":12},"end":{"line":176,"column":25},"skip":true},"49":{"start":{"line":177,"column":12},"end":{"line":177,"column":46},"skip":true},"50":{"start":{"line":180,"column":8},"end":{"line":189,"column":10},"skip":true},"51":{"start":{"line":187,"column":12},"end":{"line":187,"column":94},"skip":true},"52":{"start":{"line":188,"column":12},"end":{"line":188,"column":48},"skip":true},"53":{"start":{"line":192,"column":8},"end":{"line":192,"column":35},"skip":true},"54":{"start":{"line":193,"column":8},"end":{"line":193,"column":14},"skip":true}},"branchMap":{"1":{"line":25,"type":"binary-expr","locations":[{"start":{"line":25,"column":23},"end":{"line":25,"column":62}},{"start":{"line":26,"column":20},"end":{"line":26,"column":70}},{"start":{"line":27,"column":20},"end":{"line":27,"column":71}},{"start":{"line":28,"column":20},"end":{"line":28,"column":29}}]},"2":{"line":30,"type":"binary-expr","locations":[{"start":{"line":30,"column":23},"end":{"line":30,"column":37}},{"start":{"line":31,"column":20},"end":{"line":31,"column":61}},{"start":{"line":32,"column":20},"end":{"line":32,"column":70}},{"start":{"line":33,"column":20},"end":{"line":33,"column":26}}]},"3":{"line":37,"type":"cond-expr","locations":[{"start":{"line":38,"column":14},"end":{"line":38,"column":20}},{"start":{"line":39,"column":14},"end":{"line":39,"column":20}}]},"4":{"line":40,"type":"switch","locations":[{"start":{"line":42,"column":8},"end":{"line":47,"column":18}},{"start":{"line":49,"column":8},"end":{"line":52,"column":18}}]},"5":{"line":44,"type":"binary-expr","locations":[{"start":{"line":44,"column":16},"end":{"line":44,"column":44}},{"start":{"line":44,"column":48},"end":{"line":44,"column":66}}]},"6":{"line":50,"type":"binary-expr","locations":[{"start":{"line":50,"column":21},"end":{"line":50,"column":49}},{"start":{"line":50,"column":53},"end":{"line":50,"column":72}}]},"7":{"line":64,"type":"switch","locations":[{"start":{"line":69,"column":4},"end":{"line":70,"column":14}},{"start":{"line":75,"column":4},"end":{"line":76,"column":14}}]},"8":{"line":85,"type":"switch","locations":[{"start":{"line":90,"column":4},"end":{"line":105,"column":14}},{"start":{"line":111,"column":4},"end":{"line":193,"column":14},"skip":true}]},"9":{"line":91,"type":"binary-expr","locations":[{"start":{"line":91,"column":42},"end":{"line":91,"column":73}},{"start":{"line":91,"column":77},"end":{"line":99,"column":9}}]},"10":{"line":102,"type":"binary-expr","locations":[{"start":{"line":102,"column":18},"end":{"line":102,"column":32}},{"start":{"line":103,"column":12},"end":{"line":103,"column":53}},{"start":{"line":104,"column":12},"end":{"line":104,"column":61}}]},"11":{"line":112,"type":"binary-expr","locations":[{"start":{"line":112,"column":45},"end":{"line":112,"column":79},"skip":true},{"start":{"line":112,"column":83},"end":{"line":121,"column":9},"skip":true}]},"12":{"line":123,"type":"binary-expr","locations":[{"start":{"line":123,"column":42},"end":{"line":123,"column":73},"skip":true},{"start":{"line":123,"column":77},"end":{"line":136,"column":9},"skip":true}]},"13":{"line":138,"type":"binary-expr","locations":[{"start":{"line":138,"column":48},"end":{"line":138,"column":85},"skip":true},{"start":{"line":139,"column":12},"end":{"line":145,"column":13},"skip":true}]},"14":{"line":147,"type":"binary-expr","locations":[{"start":{"line":147,"column":42},"end":{"line":147,"column":73},"skip":true},{"start":{"line":147,"column":77},"end":{"line":156,"column":9},"skip":true}]},"15":{"line":158,"type":"binary-expr","locations":[{"start":{"line":158,"column":45},"end":{"line":158,"column":79},"skip":true},{"start":{"line":158,"column":83},"end":{"line":167,"column":9},"skip":true}]},"16":{"line":169,"type":"binary-expr","locations":[{"start":{"line":169,"column":43},"end":{"line":169,"column":75},"skip":true},{"start":{"line":169,"column":79},"end":{"line":178,"column":9},"skip":true}]},"17":{"line":180,"type":"binary-expr","locations":[{"start":{"line":180,"column":41},"end":{"line":180,"column":71},"skip":true},{"start":{"line":180,"column":75},"end":{"line":189,"column":9},"skip":true}]}},"code":["/* istanbul instrument in package npmtest_zmq */","/*jslint","    bitwise: true,","    browser: true,","    maxerr: 8,","    maxlen: 96,","    node: true,","    nomen: true,","    regexp: true,","    stupid: true","*/","(function () {","    'use strict';","    var local;","","","","    // run shared js-env code - pre-init","    (function () {","        // init local","        local = {};","        // init modeJs","        local.modeJs = (function () {","            try {","                return typeof navigator.userAgent === 'string' &&","                    typeof document.querySelector('body') === 'object' &&","                    typeof XMLHttpRequest.prototype.open === 'function' &&","                    'browser';","            } catch (errorCaughtBrowser) {","                return module.exports &&","                    typeof process.versions.node === 'string' &&","                    typeof require('http').createServer === 'function' &&","                    'node';","            }","        }());","        // init global","        local.global = local.modeJs === 'browser'","            ? window","            : global;","        switch (local.modeJs) {","        // re-init local from window.local","        case 'browser':","            local = local.global.utility2.objectSetDefault(","                local.global.utility2_rollup || local.global.local,","                local.global.utility2","            );","            break;","        // re-init local from example.js","        case 'node':","            local = (local.global.utility2_rollup || require('utility2'))","                .requireReadme();","            break;","        }","        // export local","        local.global.local = local;","    }());","","","","    // run shared js-env code - function","    (function () {","        return;","    }());","    switch (local.modeJs) {","","","","    // run browser js-env code - function","    case 'browser':","        break;","","","","    // run node js-env code - function","    case 'node':","        break;","    }","","","","    // run shared js-env code - post-init","    (function () {","        return;","    }());","    switch (local.modeJs) {","","","","    // run browser js-env code - post-init","    case 'browser':","        local.testCase_browser_nullCase = local.testCase_browser_nullCase || function (","            options,","            onError","        ) {","        /*","         * this function will test browsers's null-case handling-behavior-behavior","         */","            onError(null, options);","        };","","        // run tests","        local.nop(local.modeTest &&","            document.querySelector('#testRunButton1') &&","            document.querySelector('#testRunButton1').click());","        break;","","","","    // run node js-env code - post-init","    /* istanbul ignore next */","    case 'node':","        local.testCase_buildApidoc_default = local.testCase_buildApidoc_default || function (","            options,","            onError","        ) {","        /*","         * this function will test buildApidoc's default handling-behavior-behavior","         */","            options = { modulePathList: module.paths };","            local.buildApidoc(options, onError);","        };","","        local.testCase_buildApp_default = local.testCase_buildApp_default || function (","            options,","            onError","        ) {","        /*","         * this function will test buildApp's default handling-behavior-behavior","         */","            local.testCase_buildReadme_default(options, local.onErrorThrow);","            local.testCase_buildLib_default(options, local.onErrorThrow);","            local.testCase_buildTest_default(options, local.onErrorThrow);","            local.testCase_buildCustomOrg_default(options, local.onErrorThrow);","            options = [];","            local.buildApp(options, onError);","        };","","        local.testCase_buildCustomOrg_default = local.testCase_buildCustomOrg_default ||","            function (options, onError) {","            /*","             * this function will test buildCustomOrg's default handling-behavior","             */","                options = {};","                local.buildCustomOrg(options, onError);","            };","","        local.testCase_buildLib_default = local.testCase_buildLib_default || function (","            options,","            onError","        ) {","        /*","         * this function will test buildLib's default handling-behavior","         */","            options = {};","            local.buildLib(options, onError);","        };","","        local.testCase_buildReadme_default = local.testCase_buildReadme_default || function (","            options,","            onError","        ) {","        /*","         * this function will test buildReadme's default handling-behavior-behavior","         */","            options = {};","            local.buildReadme(options, onError);","        };","","        local.testCase_buildTest_default = local.testCase_buildTest_default || function (","            options,","            onError","        ) {","        /*","         * this function will test buildTest's default handling-behavior","         */","            options = {};","            local.buildTest(options, onError);","        };","","        local.testCase_webpage_default = local.testCase_webpage_default || function (","            options,","            onError","        ) {","        /*","         * this function will test webpage's default handling-behavior","         */","            options = { modeCoverageMerge: true, url: local.serverLocalHost + '?modeTest=1' };","            local.browserTest(options, onError);","        };","","        // run test-server","        local.testRunServer(local);","        break;","    }","}());",""],"l":{"12":2,"14":2,"19":2,"21":2,"23":2,"24":2,"25":2,"30":1,"37":2,"40":2,"43":1,"47":1,"50":1,"52":1,"55":2,"61":2,"62":2,"64":2,"70":1,"76":1,"82":2,"83":2,"85":2,"91":1,"98":1,"102":1,"105":1,"112":1,"119":1,"120":1,"123":1,"130":1,"131":1,"132":1,"133":1,"134":1,"135":1,"138":1,"143":2,"144":2,"147":1,"154":2,"155":2,"158":1,"165":2,"166":2,"169":1,"176":2,"177":2,"180":1,"187":1,"188":1,"192":1,"193":1}},"/home/travis/build/npmtest/node-npmtest-zmq/lib.npmtest_zmq.js":{"path":"/home/travis/build/npmtest/node-npmtest-zmq/lib.npmtest_zmq.js","s":{"1":2,"2":2,"3":2,"4":2,"5":2,"6":2,"7":2,"8":1,"9":2,"10":2,"11":2,"12":2,"13":1,"14":1,"15":1,"16":1},"b":{"1":[2,1,1,1],"2":[1,1,1,1],"3":[1,1],"4":[2,2],"5":[1,1]},"f":{"1":2,"2":2,"3":2},"fnMap":{"1":{"name":"(anonymous_1)","line":12,"loc":{"start":{"line":12,"column":1},"end":{"line":12,"column":13}}},"2":{"name":"(anonymous_2)","line":19,"loc":{"start":{"line":19,"column":5},"end":{"line":19,"column":17}}},"3":{"name":"(anonymous_3)","line":23,"loc":{"start":{"line":23,"column":24},"end":{"line":23,"column":36}}}},"statementMap":{"1":{"start":{"line":12,"column":0},"end":{"line":53,"column":5}},"2":{"start":{"line":14,"column":4},"end":{"line":14,"column":14}},"3":{"start":{"line":19,"column":4},"end":{"line":52,"column":9}},"4":{"start":{"line":21,"column":8},"end":{"line":21,"column":19}},"5":{"start":{"line":23,"column":8},"end":{"line":35,"column":13}},"6":{"start":{"line":24,"column":12},"end":{"line":34,"column":13}},"7":{"start":{"line":25,"column":16},"end":{"line":28,"column":30}},"8":{"start":{"line":30,"column":16},"end":{"line":33,"column":27}},"9":{"start":{"line":37,"column":8},"end":{"line":39,"column":21}},"10":{"start":{"line":41,"column":8},"end":{"line":41,"column":54}},"11":{"start":{"line":43,"column":8},"end":{"line":43,"column":48}},"12":{"start":{"line":45,"column":8},"end":{"line":51,"column":9}},"13":{"start":{"line":46,"column":12},"end":{"line":46,"column":54}},"14":{"start":{"line":48,"column":12},"end":{"line":48,"column":35}},"15":{"start":{"line":49,"column":12},"end":{"line":49,"column":49}},"16":{"start":{"line":50,"column":12},"end":{"line":50,"column":43}}},"branchMap":{"1":{"line":25,"type":"binary-expr","locations":[{"start":{"line":25,"column":23},"end":{"line":25,"column":62}},{"start":{"line":26,"column":20},"end":{"line":26,"column":70}},{"start":{"line":27,"column":20},"end":{"line":27,"column":71}},{"start":{"line":28,"column":20},"end":{"line":28,"column":29}}]},"2":{"line":30,"type":"binary-expr","locations":[{"start":{"line":30,"column":23},"end":{"line":30,"column":37}},{"start":{"line":31,"column":20},"end":{"line":31,"column":61}},{"start":{"line":32,"column":20},"end":{"line":32,"column":70}},{"start":{"line":33,"column":20},"end":{"line":33,"column":26}}]},"3":{"line":37,"type":"cond-expr","locations":[{"start":{"line":38,"column":14},"end":{"line":38,"column":20}},{"start":{"line":39,"column":14},"end":{"line":39,"column":20}}]},"4":{"line":41,"type":"binary-expr","locations":[{"start":{"line":41,"column":16},"end":{"line":41,"column":44}},{"start":{"line":41,"column":48},"end":{"line":41,"column":53}}]},"5":{"line":45,"type":"if","locations":[{"start":{"line":45,"column":8},"end":{"line":45,"column":8}},{"start":{"line":45,"column":8},"end":{"line":45,"column":8}}]}},"code":["/* istanbul instrument in package npmtest_zmq */","/*jslint","    bitwise: true,","    browser: true,","    maxerr: 8,","    maxlen: 96,","    node: true,","    nomen: true,","    regexp: true,","    stupid: true","*/","(function () {","    'use strict';","    var local;","","","","    // run shared js-env code - pre-init","    (function () {","        // init local","        local = {};","        // init modeJs","        local.modeJs = (function () {","            try {","                return typeof navigator.userAgent === 'string' &&","                    typeof document.querySelector('body') === 'object' &&","                    typeof XMLHttpRequest.prototype.open === 'function' &&","                    'browser';","            } catch (errorCaughtBrowser) {","                return module.exports &&","                    typeof process.versions.node === 'string' &&","                    typeof require('http').createServer === 'function' &&","                    'node';","            }","        }());","        // init global","        local.global = local.modeJs === 'browser'","            ? window","            : global;","        // init utility2_rollup","        local = local.global.utility2_rollup || local;","        // init lib","        local.local = local.npmtest_zmq = local;","        // init exports","        if (local.modeJs === 'browser') {","            local.global.utility2_npmtest_zmq = local;","        } else {","            module.exports = local;","            module.exports.__dirname = __dirname;","            module.exports.module = module;","        }","    }());","}());",""],"l":{"12":2,"14":2,"19":2,"21":2,"23":2,"24":2,"25":2,"30":1,"37":2,"41":2,"43":2,"45":2,"46":1,"48":1,"49":1,"50":1}},"/home/travis/build/npmtest/node-npmtest-zmq/example.js":{"path":"/home/travis/build/npmtest/node-npmtest-zmq/example.js","s":{"1":2,"2":2,"3":2,"4":2,"5":2,"6":2,"7":2,"8":1,"9":2,"10":2,"11":2,"12":2,"13":1,"14":2,"15":2,"16":2,"17":2,"18":2,"19":0,"20":2,"21":1,"22":1,"23":1,"24":1,"25":1,"26":0,"27":0,"28":1,"29":1,"30":2,"31":0,"32":0,"33":0,"34":1,"35":2,"36":2,"37":3,"38":3,"39":3,"40":3,"41":0,"42":3,"43":3,"44":3,"45":1,"46":3,"47":1,"48":1,"49":1,"50":1,"51":1,"52":1,"53":1,"54":1,"55":1,"56":1,"57":0,"58":1,"59":6,"60":6,"61":1,"62":2,"63":0,"64":2,"65":1,"66":1,"67":0,"68":0,"69":0,"70":0,"71":0,"72":0,"73":0,"74":0,"75":0,"76":0,"77":0,"78":0,"79":0,"80":0,"81":0,"82":0,"83":0},"b":{"1":[2,1,1,1],"2":[1,1,1,1],"3":[1,1],"4":[2,2],"5":[1,1],"6":[1,1],"7":[2,0],"8":[2,1,1,1,1,1],"9":[0,2,0],"10":[1,1],"11":[2,1,1],"12":[1,0],"13":[0,2],"14":[2,0,0,0,0,0,0],"15":[0,3],"16":[3,0],"17":[1,1],"18":[0,1],"19":[1,2,0,2],"20":[1,0],"21":[1,1],"22":[0,0],"23":[0,0],"24":[0,0],"25":[0,0],"26":[0,0],"27":[0,0],"28":[0,0]},"f":{"1":2,"2":2,"3":2,"4":2,"5":2,"6":2,"7":3,"8":3,"9":3,"10":1,"11":6,"12":0},"fnMap":{"1":{"name":"(anonymous_1)","line":26,"loc":{"start":{"line":26,"column":1},"end":{"line":26,"column":13}}},"2":{"name":"(anonymous_2)","line":33,"loc":{"start":{"line":33,"column":5},"end":{"line":33,"column":17}}},"3":{"name":"(anonymous_3)","line":37,"loc":{"start":{"line":37,"column":24},"end":{"line":37,"column":36}}},"4":{"name":"(anonymous_4)","line":69,"loc":{"start":{"line":69,"column":31},"end":{"line":69,"column":48}},"skip":true},"5":{"name":"(anonymous_5)","line":78,"loc":{"start":{"line":78,"column":26},"end":{"line":78,"column":45}},"skip":true},"6":{"name":"(anonymous_6)","line":123,"loc":{"start":{"line":123,"column":33},"end":{"line":123,"column":48}},"skip":true},"7":{"name":"(anonymous_7)","line":125,"loc":{"start":{"line":125,"column":27},"end":{"line":125,"column":39}},"skip":true},"8":{"name":"(anonymous_8)","line":133,"loc":{"start":{"line":133,"column":59},"end":{"line":133,"column":74}},"skip":true},"9":{"name":"(anonymous_9)","line":143,"loc":{"start":{"line":143,"column":45},"end":{"line":143,"column":62}},"skip":true},"10":{"name":"(anonymous_10)","line":144,"loc":{"start":{"line":144,"column":73},"end":{"line":144,"column":92}},"skip":true},"11":{"name":"(anonymous_11)","line":272,"loc":{"start":{"line":272,"column":51},"end":{"line":272,"column":77}},"skip":true},"12":{"name":"(anonymous_12)","line":315,"loc":{"start":{"line":315,"column":32},"end":{"line":315,"column":61}},"skip":true}},"statementMap":{"1":{"start":{"line":26,"column":0},"end":{"line":326,"column":5}},"2":{"start":{"line":28,"column":4},"end":{"line":28,"column":14}},"3":{"start":{"line":33,"column":4},"end":{"line":60,"column":9}},"4":{"start":{"line":35,"column":8},"end":{"line":35,"column":19}},"5":{"start":{"line":37,"column":8},"end":{"line":49,"column":13}},"6":{"start":{"line":38,"column":12},"end":{"line":48,"column":13}},"7":{"start":{"line":39,"column":16},"end":{"line":42,"column":30}},"8":{"start":{"line":44,"column":16},"end":{"line":47,"column":27}},"9":{"start":{"line":51,"column":8},"end":{"line":53,"column":21}},"10":{"start":{"line":55,"column":8},"end":{"line":57,"column":45}},"11":{"start":{"line":59,"column":8},"end":{"line":59,"column":35}},"12":{"start":{"line":61,"column":4},"end":{"line":325,"column":5}},"13":{"start":{"line":69,"column":8},"end":{"line":121,"column":10},"skip":true},"14":{"start":{"line":70,"column":12},"end":{"line":88,"column":13},"skip":true},"15":{"start":{"line":76,"column":16},"end":{"line":87,"column":19},"skip":true},"16":{"start":{"line":79,"column":20},"end":{"line":86,"column":21},"skip":true},"17":{"start":{"line":82,"column":24},"end":{"line":82,"column":43},"skip":true},"18":{"start":{"line":83,"column":24},"end":{"line":83,"column":30},"skip":true},"19":{"start":{"line":85,"column":24},"end":{"line":85,"column":49},"skip":true},"20":{"start":{"line":89,"column":12},"end":{"line":107,"column":13},"skip":true},"21":{"start":{"line":92,"column":16},"end":{"line":102,"column":17},"skip":true},"22":{"start":{"line":93,"column":20},"end":{"line":93,"column":86},"skip":true},"23":{"start":{"line":94,"column":20},"end":{"line":95,"column":45},"skip":true},"24":{"start":{"line":96,"column":20},"end":{"line":96,"column":42},"skip":true},"25":{"start":{"line":97,"column":20},"end":{"line":97,"column":48},"skip":true},"26":{"start":{"line":100,"column":20},"end":{"line":100,"column":85},"skip":true},"27":{"start":{"line":101,"column":20},"end":{"line":101,"column":96},"skip":true},"28":{"start":{"line":103,"column":16},"end":{"line":103,"column":22},"skip":true},"29":{"start":{"line":106,"column":16},"end":{"line":106,"column":22},"skip":true},"30":{"start":{"line":108,"column":12},"end":{"line":120,"column":13},"skip":true},"31":{"start":{"line":114,"column":16},"end":{"line":119,"column":17},"skip":true},"32":{"start":{"line":116,"column":20},"end":{"line":116,"column":78},"skip":true},"33":{"start":{"line":118,"column":20},"end":{"line":118,"column":47},"skip":true},"34":{"start":{"line":123,"column":8},"end":{"line":141,"column":11},"skip":true},"35":{"start":{"line":124,"column":12},"end":{"line":124,"column":54},"skip":true},"36":{"start":{"line":125,"column":12},"end":{"line":140,"column":14},"skip":true},"37":{"start":{"line":126,"column":16},"end":{"line":126,"column":28},"skip":true},"38":{"start":{"line":127,"column":16},"end":{"line":127,"column":69},"skip":true},"39":{"start":{"line":128,"column":16},"end":{"line":128,"column":75},"skip":true},"40":{"start":{"line":129,"column":16},"end":{"line":131,"column":17},"skip":true},"41":{"start":{"line":130,"column":20},"end":{"line":130,"column":27},"skip":true},"42":{"start":{"line":133,"column":16},"end":{"line":137,"column":36},"skip":true},"43":{"start":{"line":134,"column":20},"end":{"line":136,"column":55},"skip":true},"44":{"start":{"line":139,"column":16},"end":{"line":139,"column":57},"skip":true},"45":{"start":{"line":143,"column":8},"end":{"line":147,"column":11},"skip":true},"46":{"start":{"line":144,"column":12},"end":{"line":146,"column":15},"skip":true},"47":{"start":{"line":145,"column":16},"end":{"line":145,"column":70},"skip":true},"48":{"start":{"line":149,"column":8},"end":{"line":149,"column":31},"skip":true},"49":{"start":{"line":150,"column":8},"end":{"line":150,"column":14},"skip":true},"50":{"start":{"line":158,"column":8},"end":{"line":158,"column":31},"skip":true},"51":{"start":{"line":160,"column":8},"end":{"line":160,"column":33},"skip":true},"52":{"start":{"line":161,"column":8},"end":{"line":161,"column":37},"skip":true},"53":{"start":{"line":162,"column":8},"end":{"line":162,"column":35},"skip":true},"54":{"start":{"line":164,"column":8},"end":{"line":164,"column":50},"skip":true},"55":{"start":{"line":166,"column":8},"end":{"line":256,"column":2},"skip":true},"56":{"start":{"line":258,"column":8},"end":{"line":286,"column":9},"skip":true},"57":{"start":{"line":259,"column":12},"end":{"line":269,"column":14},"skip":true},"58":{"start":{"line":271,"column":12},"end":{"line":285,"column":19},"skip":true},"59":{"start":{"line":274,"column":20},"end":{"line":274,"column":35},"skip":true},"60":{"start":{"line":275,"column":20},"end":{"line":284,"column":21},"skip":true},"61":{"start":{"line":277,"column":24},"end":{"line":277,"column":64},"skip":true},"62":{"start":{"line":279,"column":24},"end":{"line":279,"column":40},"skip":true},"63":{"start":{"line":281,"column":24},"end":{"line":281,"column":40},"skip":true},"64":{"start":{"line":283,"column":24},"end":{"line":283,"column":39},"skip":true},"65":{"start":{"line":288,"column":8},"end":{"line":290,"column":9},"skip":true},"66":{"start":{"line":289,"column":12},"end":{"line":289,"column":18},"skip":true},"67":{"start":{"line":291,"column":8},"end":{"line":293,"column":54},"skip":true},"68":{"start":{"line":296,"column":8},"end":{"line":301,"column":37},"skip":true},"69":{"start":{"line":303,"column":8},"end":{"line":303,"column":82},"skip":true},"70":{"start":{"line":306,"column":8},"end":{"line":308,"column":9},"skip":true},"71":{"start":{"line":307,"column":12},"end":{"line":307,"column":82},"skip":true},"72":{"start":{"line":310,"column":8},"end":{"line":312,"column":9},"skip":true},"73":{"start":{"line":311,"column":12},"end":{"line":311,"column":18},"skip":true},"74":{"start":{"line":313,"column":8},"end":{"line":313,"column":54},"skip":true},"75":{"start":{"line":314,"column":8},"end":{"line":314,"column":69},"skip":true},"76":{"start":{"line":315,"column":8},"end":{"line":323,"column":36},"skip":true},"77":{"start":{"line":316,"column":12},"end":{"line":316,"column":61},"skip":true},"78":{"start":{"line":317,"column":12},"end":{"line":320,"column":13},"skip":true},"79":{"start":{"line":318,"column":16},"end":{"line":318,"column":75},"skip":true},"80":{"start":{"line":319,"column":16},"end":{"line":319,"column":23},"skip":true},"81":{"start":{"line":321,"column":12},"end":{"line":321,"column":38},"skip":true},"82":{"start":{"line":322,"column":12},"end":{"line":322,"column":27},"skip":true},"83":{"start":{"line":324,"column":8},"end":{"line":324,"column":14},"skip":true}},"branchMap":{"1":{"line":39,"type":"binary-expr","locations":[{"start":{"line":39,"column":23},"end":{"line":39,"column":62}},{"start":{"line":40,"column":20},"end":{"line":40,"column":70}},{"start":{"line":41,"column":20},"end":{"line":41,"column":71}},{"start":{"line":42,"column":20},"end":{"line":42,"column":29}}]},"2":{"line":44,"type":"binary-expr","locations":[{"start":{"line":44,"column":23},"end":{"line":44,"column":37}},{"start":{"line":45,"column":20},"end":{"line":45,"column":61}},{"start":{"line":46,"column":20},"end":{"line":46,"column":70}},{"start":{"line":47,"column":20},"end":{"line":47,"column":26}}]},"3":{"line":51,"type":"cond-expr","locations":[{"start":{"line":52,"column":14},"end":{"line":52,"column":20}},{"start":{"line":53,"column":14},"end":{"line":53,"column":20}}]},"4":{"line":55,"type":"binary-expr","locations":[{"start":{"line":55,"column":16},"end":{"line":55,"column":44}},{"start":{"line":55,"column":49},"end":{"line":57,"column":43}}]},"5":{"line":55,"type":"cond-expr","locations":[{"start":{"line":56,"column":14},"end":{"line":56,"column":47}},{"start":{"line":57,"column":14},"end":{"line":57,"column":43}}]},"6":{"line":61,"type":"switch","locations":[{"start":{"line":68,"column":4},"end":{"line":150,"column":14},"skip":true},{"start":{"line":156,"column":4},"end":{"line":324,"column":14},"skip":true}]},"7":{"line":70,"type":"if","locations":[{"start":{"line":70,"column":12},"end":{"line":70,"column":12},"skip":true},{"start":{"line":70,"column":12},"end":{"line":70,"column":12},"skip":true}]},"8":{"line":70,"type":"binary-expr","locations":[{"start":{"line":70,"column":16},"end":{"line":70,"column":22},"skip":true},{"start":{"line":70,"column":27},"end":{"line":70,"column":32},"skip":true},{"start":{"line":71,"column":20},"end":{"line":71,"column":39},"skip":true},{"start":{"line":72,"column":20},"end":{"line":72,"column":49},"skip":true},{"start":{"line":73,"column":20},"end":{"line":73,"column":58},"skip":true},{"start":{"line":74,"column":20},"end":{"line":74,"column":69},"skip":true}]},"9":{"line":79,"type":"switch","locations":[{"start":{"line":80,"column":20},"end":{"line":80,"column":33},"skip":true},{"start":{"line":81,"column":20},"end":{"line":83,"column":30},"skip":true},{"start":{"line":84,"column":20},"end":{"line":85,"column":49},"skip":true}]},"10":{"line":89,"type":"switch","locations":[{"start":{"line":90,"column":12},"end":{"line":103,"column":22},"skip":true},{"start":{"line":105,"column":12},"end":{"line":106,"column":22},"skip":true}]},"11":{"line":89,"type":"binary-expr","locations":[{"start":{"line":89,"column":20},"end":{"line":89,"column":25},"skip":true},{"start":{"line":89,"column":29},"end":{"line":89,"column":48},"skip":true},{"start":{"line":89,"column":52},"end":{"line":89,"column":74},"skip":true}]},"12":{"line":92,"type":"if","locations":[{"start":{"line":92,"column":16},"end":{"line":92,"column":16},"skip":true},{"start":{"line":92,"column":16},"end":{"line":92,"column":16},"skip":true}]},"13":{"line":108,"type":"if","locations":[{"start":{"line":108,"column":12},"end":{"line":108,"column":12},"skip":true},{"start":{"line":108,"column":12},"end":{"line":108,"column":12},"skip":true}]},"14":{"line":108,"type":"binary-expr","locations":[{"start":{"line":108,"column":16},"end":{"line":108,"column":61},"skip":true},{"start":{"line":108,"column":66},"end":{"line":108,"column":72},"skip":true},{"start":{"line":108,"column":77},"end":{"line":108,"column":82},"skip":true},{"start":{"line":109,"column":20},"end":{"line":109,"column":39},"skip":true},{"start":{"line":110,"column":20},"end":{"line":110,"column":49},"skip":true},{"start":{"line":111,"column":20},"end":{"line":111,"column":58},"skip":true},{"start":{"line":112,"column":20},"end":{"line":112,"column":68},"skip":true}]},"15":{"line":129,"type":"if","locations":[{"start":{"line":129,"column":16},"end":{"line":129,"column":16},"skip":true},{"start":{"line":129,"column":16},"end":{"line":129,"column":16},"skip":true}]},"16":{"line":134,"type":"cond-expr","locations":[{"start":{"line":135,"column":26},"end":{"line":135,"column":29},"skip":true},{"start":{"line":136,"column":26},"end":{"line":136,"column":54},"skip":true}]},"17":{"line":164,"type":"binary-expr","locations":[{"start":{"line":164,"column":27},"end":{"line":164,"column":43},"skip":true},{"start":{"line":164,"column":47},"end":{"line":164,"column":49},"skip":true}]},"18":{"line":258,"type":"if","locations":[{"start":{"line":258,"column":8},"end":{"line":258,"column":8},"skip":true},{"start":{"line":258,"column":8},"end":{"line":258,"column":8},"skip":true}]},"19":{"line":275,"type":"switch","locations":[{"start":{"line":276,"column":20},"end":{"line":277,"column":64},"skip":true},{"start":{"line":278,"column":20},"end":{"line":279,"column":40},"skip":true},{"start":{"line":280,"column":20},"end":{"line":281,"column":40},"skip":true},{"start":{"line":282,"column":20},"end":{"line":283,"column":39},"skip":true}]},"20":{"line":288,"type":"if","locations":[{"start":{"line":288,"column":8},"end":{"line":288,"column":8},"skip":true},{"start":{"line":288,"column":8},"end":{"line":288,"column":8},"skip":true}]},"21":{"line":288,"type":"binary-expr","locations":[{"start":{"line":288,"column":12},"end":{"line":288,"column":40},"skip":true},{"start":{"line":288,"column":44},"end":{"line":288,"column":67},"skip":true}]},"22":{"line":292,"type":"binary-expr","locations":[{"start":{"line":292,"column":12},"end":{"line":292,"column":50},"skip":true},{"start":{"line":293,"column":12},"end":{"line":293,"column":53},"skip":true}]},"23":{"line":297,"type":"binary-expr","locations":[{"start":{"line":297,"column":12},"end":{"line":297,"column":61},"skip":true},{"start":{"line":298,"column":12},"end":{"line":301,"column":36},"skip":true}]},"24":{"line":303,"type":"binary-expr","locations":[{"start":{"line":303,"column":43},"end":{"line":303,"column":75},"skip":true},{"start":{"line":303,"column":79},"end":{"line":303,"column":81},"skip":true}]},"25":{"line":306,"type":"if","locations":[{"start":{"line":306,"column":8},"end":{"line":306,"column":8},"skip":true},{"start":{"line":306,"column":8},"end":{"line":306,"column":8},"skip":true}]},"26":{"line":310,"type":"if","locations":[{"start":{"line":310,"column":8},"end":{"line":310,"column":8},"skip":true},{"start":{"line":310,"column":8},"end":{"line":310,"column":8},"skip":true}]},"27":{"line":313,"type":"binary-expr","locations":[{"start":{"line":313,"column":27},"end":{"line":313,"column":43},"skip":true},{"start":{"line":313,"column":47},"end":{"line":313,"column":53},"skip":true}]},"28":{"line":317,"type":"if","locations":[{"start":{"line":317,"column":12},"end":{"line":317,"column":12},"skip":true},{"start":{"line":317,"column":12},"end":{"line":317,"column":12},"skip":true}]}},"code":["/*","example.js","","quickstart example","","instruction","    1. save this script as example.js","    2. run the shell command:","        $ npm install npmtest-zmq && PORT=8081 node example.js","    3. play with the browser-demo on http://127.0.0.1:8081","*/","","","","/* istanbul instrument in package npmtest_zmq */","/*jslint","    bitwise: true,","    browser: true,","    maxerr: 8,","    maxlen: 96,","    node: true,","    nomen: true,","    regexp: true,","    stupid: true","*/","(function () {","    'use strict';","    var local;","","","","    // run shared js-env code - pre-init","    (function () {","        // init local","        local = {};","        // init modeJs","        local.modeJs = (function () {","            try {","                return typeof navigator.userAgent === 'string' &&","                    typeof document.querySelector('body') === 'object' &&","                    typeof XMLHttpRequest.prototype.open === 'function' &&","                    'browser';","            } catch (errorCaughtBrowser) {","                return module.exports &&","                    typeof process.versions.node === 'string' &&","                    typeof require('http').createServer === 'function' &&","                    'node';","            }","        }());","        // init global","        local.global = local.modeJs === 'browser'","            ? window","            : global;","        // init utility2_rollup","        local = local.global.utility2_rollup || (local.modeJs === 'browser'","            ? local.global.utility2_npmtest_zmq","            : global.utility2_moduleExports);","        // export local","        local.global.local = local;","    }());","    switch (local.modeJs) {","","","","    // post-init","    // run browser js-env code - post-init","    /* istanbul ignore next */","    case 'browser':","        local.testRunBrowser = function (event) {","            if (!event || (event &&","                    event.currentTarget &&","                    event.currentTarget.className &&","                    event.currentTarget.className.includes &&","                    event.currentTarget.className.includes('onreset'))) {","                // reset output","                Array.from(","                    document.querySelectorAll('body > .resettable')","                ).forEach(function (element) {","                    switch (element.tagName) {","                    case 'INPUT':","                    case 'TEXTAREA':","                        element.value = '';","                        break;","                    default:","                        element.textContent = '';","                    }","                });","            }","            switch (event && event.currentTarget && event.currentTarget.id) {","            case 'testRunButton1':","                // show tests","                if (document.querySelector('#testReportDiv1').style.display === 'none') {","                    document.querySelector('#testReportDiv1').style.display = 'block';","                    document.querySelector('#testRunButton1').textContent =","                        'hide internal test';","                    local.modeTest = true;","                    local.testRunDefault(local);","                // hide tests","                } else {","                    document.querySelector('#testReportDiv1').style.display = 'none';","                    document.querySelector('#testRunButton1').textContent = 'run internal test';","                }","                break;","            // custom-case","            default:","                break;","            }","            if (document.querySelector('#inputTextareaEval1') && (!event || (event &&","                    event.currentTarget &&","                    event.currentTarget.className &&","                    event.currentTarget.className.includes &&","                    event.currentTarget.className.includes('oneval')))) {","                // try to eval input-code","                try {","                    /*jslint evil: true*/","                    eval(document.querySelector('#inputTextareaEval1').value);","                } catch (errorCaught) {","                    console.error(errorCaught);","                }","            }","        };","        // log stderr and stdout to #outputTextareaStdout1","        ['error', 'log'].forEach(function (key) {","            console[key + '_original'] = console[key];","            console[key] = function () {","                var element;","                console[key + '_original'].apply(console, arguments);","                element = document.querySelector('#outputTextareaStdout1');","                if (!element) {","                    return;","                }","                // append text to #outputTextareaStdout1","                element.value += Array.from(arguments).map(function (arg) {","                    return typeof arg === 'string'","                        ? arg","                        : JSON.stringify(arg, null, 4);","                }).join(' ') + '\\n';","                // scroll textarea to bottom","                element.scrollTop = element.scrollHeight;","            };","        });","        // init event-handling","        ['change', 'click', 'keyup'].forEach(function (event) {","            Array.from(document.querySelectorAll('.on' + event)).forEach(function (element) {","                element.addEventListener(event, local.testRunBrowser);","            });","        });","        // run tests","        local.testRunBrowser();","        break;","","","","    // run node js-env code - post-init","    /* istanbul ignore next */","    case 'node':","        // export local","        module.exports = local;","        // require modules","        local.fs = require('fs');","        local.http = require('http');","        local.url = require('url');","        // init assets","        local.assetsDict = local.assetsDict || {};","        /* jslint-ignore-begin */","        local.assetsDict['/assets.index.template.html'] = '\\","<!doctype html>\\n\\","<html lang=\"en\">\\n\\","<head>\\n\\","<meta charset=\"UTF-8\">\\n\\","<meta name=\"viewport\" content=\"width=device-width, initial-scale=1\">\\n\\","<title>{{env.npm_package_name}} (v{{env.npm_package_version}})</title>\\n\\","<style>\\n\\","/*csslint\\n\\","    box-sizing: false,\\n\\","    universal-selector: false\\n\\","*/\\n\\","* {\\n\\","    box-sizing: border-box;\\n\\","}\\n\\","body {\\n\\","    background: #dde;\\n\\","    font-family: Arial, Helvetica, sans-serif;\\n\\","    margin: 2rem;\\n\\","}\\n\\","body > * {\\n\\","    margin-bottom: 1rem;\\n\\","}\\n\\",".utility2FooterDiv {\\n\\","    margin-top: 20px;\\n\\","    text-align: center;\\n\\","}\\n\\","</style>\\n\\","<style>\\n\\","/*csslint\\n\\","*/\\n\\","textarea {\\n\\","    font-family: monospace;\\n\\","    height: 10rem;\\n\\","    width: 100%;\\n\\","}\\n\\","textarea[readonly] {\\n\\","    background: #ddd;\\n\\","}\\n\\","</style>\\n\\","</head>\\n\\","<body>\\n\\","<!-- utility2-comment\\n\\","<div id=\"ajaxProgressDiv1\" style=\"background: #d00; height: 2px; left: 0; margin: 0; padding: 0; position: fixed; top: 0; transition: background 0.5s, width 1.5s; width: 25%;\"></div>\\n\\","utility2-comment -->\\n\\","<h1>\\n\\","<!-- utility2-comment\\n\\","    <a\\n\\","        {{#if env.npm_package_homepage}}\\n\\","        href=\"{{env.npm_package_homepage}}\"\\n\\","        {{/if env.npm_package_homepage}}\\n\\","        target=\"_blank\"\\n\\","    >\\n\\","utility2-comment -->\\n\\","        {{env.npm_package_name}} (v{{env.npm_package_version}})\\n\\","<!-- utility2-comment\\n\\","    </a>\\n\\","utility2-comment -->\\n\\","</h1>\\n\\","<h3>{{env.npm_package_description}}</h3>\\n\\","<!-- utility2-comment\\n\\","<h4><a download href=\"assets.app.js\">download standalone app</a></h4>\\n\\","<button class=\"onclick onreset\" id=\"testRunButton1\">run internal test</button><br>\\n\\","<div id=\"testReportDiv1\" style=\"display: none;\"></div>\\n\\","utility2-comment -->\\n\\","\\n\\","\\n\\","\\n\\","<label>stderr and stdout</label>\\n\\","<textarea class=\"resettable\" id=\"outputTextareaStdout1\" readonly></textarea>\\n\\","<!-- utility2-comment\\n\\","{{#if isRollup}}\\n\\","<script src=\"assets.app.js\"></script>\\n\\","{{#unless isRollup}}\\n\\","utility2-comment -->\\n\\","<script src=\"assets.utility2.rollup.js\"></script>\\n\\","<script src=\"jsonp.utility2._stateInit?callback=window.utility2._stateInit\"></script>\\n\\","<script src=\"assets.npmtest_zmq.rollup.js\"></script>\\n\\","<script src=\"assets.example.js\"></script>\\n\\","<script src=\"assets.test.js\"></script>\\n\\","<!-- utility2-comment\\n\\","{{/if isRollup}}\\n\\","utility2-comment -->\\n\\","<div class=\"utility2FooterDiv\">\\n\\","    [ this app was created with\\n\\","    <a href=\"https://github.com/kaizhu256/node-utility2\" target=\"_blank\">utility2</a>\\n\\","    ]\\n\\","</div>\\n\\","</body>\\n\\","</html>\\n\\","';","        /* jslint-ignore-end */","        if (local.templateRender) {","            local.assetsDict['/'] = local.templateRender(","                local.assetsDict['/assets.index.template.html'],","                {","                    env: local.objectSetDefault(local.env, {","                        npm_package_description: 'the greatest app in the world!',","                        npm_package_name: 'my-app',","                        npm_package_nameAlias: 'my_app',","                        npm_package_version: '0.0.1'","                    })","                }","            );","        } else {","            local.assetsDict['/'] = local.assetsDict['/assets.index.template.html']","                .replace((/\\{\\{env\\.(\\w+?)\\}\\}/g), function (match0, match1) {","                    // jslint-hack","                    String(match0);","                    switch (match1) {","                    case 'npm_package_description':","                        return 'the greatest app in the world!';","                    case 'npm_package_name':","                        return 'my-app';","                    case 'npm_package_nameAlias':","                        return 'my_app';","                    case 'npm_package_version':","                        return '0.0.1';","                    }","                });","        }","        // run the cli","        if (local.global.utility2_rollup || module !== require.main) {","            break;","        }","        local.assetsDict['/assets.example.js'] =","            local.assetsDict['/assets.example.js'] ||","            local.fs.readFileSync(__filename, 'utf8');","        // bug-workaround - long $npm_package_buildCustomOrg","        /* jslint-ignore-begin */","        local.assetsDict['/assets.npmtest_zmq.rollup.js'] =","            local.assetsDict['/assets.npmtest_zmq.rollup.js'] ||","            local.fs.readFileSync(","                local.npmtest_zmq.__dirname + '/lib.npmtest_zmq.js',","                'utf8'","            ).replace((/^#!/), '//');","        /* jslint-ignore-end */","        local.assetsDict['/favicon.ico'] = local.assetsDict['/favicon.ico'] || '';","        // if $npm_config_timeout_exit exists,","        // then exit this process after $npm_config_timeout_exit ms","        if (Number(process.env.npm_config_timeout_exit)) {","            setTimeout(process.exit, Number(process.env.npm_config_timeout_exit));","        }","        // start server","        if (local.global.utility2_serverHttp1) {","            break;","        }","        process.env.PORT = process.env.PORT || '8081';","        console.error('server starting on port ' + process.env.PORT);","        local.http.createServer(function (request, response) {","            request.urlParsed = local.url.parse(request.url);","            if (local.assetsDict[request.urlParsed.pathname] !== undefined) {","                response.end(local.assetsDict[request.urlParsed.pathname]);","                return;","            }","            response.statusCode = 404;","            response.end();","        }).listen(process.env.PORT);","        break;","    }","}());",""],"l":{"26":2,"28":2,"33":2,"35":2,"37":2,"38":2,"39":2,"44":1,"51":2,"55":2,"59":2,"61":2,"69":1,"70":2,"76":2,"79":2,"82":2,"83":2,"85":1,"89":2,"92":1,"93":1,"94":1,"96":1,"97":1,"100":1,"101":1,"103":1,"106":1,"108":2,"114":1,"116":1,"118":1,"123":1,"124":2,"125":2,"126":3,"127":3,"128":3,"129":3,"130":1,"133":3,"134":3,"139":3,"143":1,"144":3,"145":1,"149":1,"150":1,"158":1,"160":1,"161":1,"162":1,"164":1,"166":1,"258":1,"259":1,"271":1,"274":6,"275":6,"277":1,"279":2,"281":1,"283":2,"288":1,"289":1,"291":1,"296":1,"303":1,"306":1,"307":1,"310":1,"311":1,"313":1,"314":1,"315":1,"316":1,"317":1,"318":1,"319":1,"321":1,"322":1,"324":1}},"/home/travis/build/npmtest/node-npmtest-zmq/node_modules/zmq/index.js":{"path":"/home/travis/build/npmtest/node-npmtest-zmq/node_modules/zmq/index.js","s":{"1":10},"b":{},"f":{},"fnMap":{},"statementMap":{"1":{"start":{"line":2,"column":0},"end":{"line":2,"column":34}}},"branchMap":{},"code":["","module.exports = require('./lib');"],"l":{"2":10}},"/home/travis/build/npmtest/node-npmtest-zmq/node_modules/zmq/lib/index.js":{"path":"/home/travis/build/npmtest/node-npmtest-zmq/node_modules/zmq/lib/index.js","s":{"1":10,"2":0,"3":0,"4":0,"5":0,"6":0,"7":0,"8":0,"9":0,"10":0,"11":0,"12":1,"13":0,"14":0,"15":0,"16":0,"17":0,"18":0,"19":0,"20":0,"21":0,"22":0,"23":0,"24":0,"25":1,"26":0,"27":0,"28":0,"29":0,"30":0,"31":0,"32":0,"33":0,"34":0,"35":0,"36":0,"37":0,"38":0,"39":0,"40":0,"41":0,"42":0,"43":0,"44":0,"45":0,"46":0,"47":0,"48":1,"49":0,"50":0,"51":0,"52":0,"53":0,"54":0,"55":0,"56":0,"57":0,"58":0,"59":0,"60":0,"61":0,"62":0,"63":0,"64":0,"65":0,"66":0,"67":0,"68":0,"69":0,"70":0,"71":0,"72":0,"73":0,"74":0,"75":0,"76":0,"77":0,"78":0,"79":0,"80":0,"81":0,"82":0,"83":0,"84":0,"85":0,"86":0,"87":0,"88":0,"89":0,"90":0,"91":0,"92":0,"93":0,"94":0,"95":0,"96":0,"97":0,"98":0,"99":0,"100":0,"101":0,"102":0,"103":0,"104":0,"105":0,"106":0,"107":0,"108":0,"109":0,"110":0,"111":0,"112":0,"113":0,"114":0,"115":0,"116":0,"117":0,"118":0,"119":0,"120":0,"121":0,"122":0,"123":0,"124":0,"125":0,"126":0,"127":0,"128":0,"129":0,"130":0,"131":0,"132":0,"133":0,"134":0,"135":0,"136":0,"137":0,"138":0,"139":0,"140":0,"141":0,"142":0,"143":0,"144":0,"145":0,"146":0,"147":0,"148":0,"149":0,"150":0,"151":0,"152":0,"153":0,"154":0,"155":0,"156":0,"157":0,"158":0,"159":0,"160":0,"161":0,"162":0,"163":0,"164":0,"165":0,"166":0,"167":0,"168":0,"169":0,"170":0,"171":0,"172":0,"173":0,"174":0,"175":0,"176":0,"177":0,"178":0,"179":0,"180":0,"181":0,"182":0,"183":0,"184":0,"185":0,"186":0,"187":0,"188":0,"189":0,"190":0,"191":0,"192":0,"193":0,"194":0,"195":0,"196":0,"197":0,"198":0,"199":0,"200":0,"201":0,"202":0,"203":0,"204":0,"205":0,"206":0,"207":0,"208":0,"209":0,"210":0,"211":0,"212":0,"213":0,"214":0,"215":0,"216":0,"217":0,"218":0,"219":0,"220":0,"221":0,"222":0,"223":0,"224":0,"225":0,"226":0,"227":0,"228":0,"229":0,"230":0,"231":0,"232":0,"233":0,"234":0,"235":0,"236":0,"237":0,"238":0,"239":0,"240":0,"241":0,"242":0,"243":0,"244":0,"245":0,"246":0,"247":0,"248":0,"249":0,"250":0,"251":0,"252":0,"253":0,"254":0,"255":0,"256":0,"257":0,"258":0,"259":0,"260":0,"261":0,"262":0,"263":0,"264":0,"265":0,"266":0,"267":1,"268":0,"269":0,"270":0,"271":0,"272":0,"273":0,"274":0,"275":0,"276":0,"277":0,"278":0,"279":0,"280":0,"281":0,"282":0,"283":0,"284":0,"285":0,"286":0,"287":0,"288":0,"289":0,"290":0,"291":0,"292":0},"b":{"1":[0,0],"2":[0,0],"3":[0,0],"4":[0,0],"5":[0,0],"6":[0,0],"7":[0,0],"8":[0,0],"9":[0,0],"10":[0,0],"11":[0,0],"12":[0,0],"13":[0,0],"14":[0,0],"15":[0,0],"16":[0,0],"17":[0,0],"18":[0,0],"19":[0,0],"20":[0,0],"21":[0,0],"22":[0,0],"23":[0,0],"24":[0,0],"25":[0,0],"26":[0,0],"27":[0,0],"28":[0,0],"29":[0,0],"30":[0,0],"31":[0,0],"32":[0,0],"33":[0,0],"34":[0,0],"35":[0,0],"36":[0,0],"37":[0,0],"38":[0,0],"39":[0,0],"40":[0,0],"41":[0,0],"42":[0,0],"43":[0,0],"44":[0,0],"45":[0,0],"46":[0,0],"47":[0,0],"48":[0,0],"49":[0,0,0,0,0,0],"50":[0,0],"51":[0,0]},"f":{"1":0,"2":0,"3":0,"4":0,"5":0,"6":0,"7":0,"8":0,"9":0,"10":0,"11":0,"12":0,"13":0,"14":0,"15":0,"16":0,"17":0,"18":0,"19":0,"20":0,"21":0,"22":0,"23":0,"24":0,"25":0,"26":0,"27":0,"28":0,"29":0,"30":0,"31":0,"32":0,"33":0,"34":0,"35":0,"36":0,"37":0,"38":0,"39":0,"40":0,"41":0,"42":0,"43":0,"44":0,"45":0,"46":0,"47":0,"48":0,"49":0,"50":0,"51":0,"52":0,"53":0,"54":0,"55":0,"56":0,"57":0,"58":0,"59":0},"fnMap":{"1":{"name":"(anonymous_1)","line":100,"loc":{"start":{"line":100,"column":33},"end":{"line":100,"column":47}}},"2":{"name":"defaultContext","line":162,"loc":{"start":{"line":162,"column":0},"end":{"line":162,"column":26}}},"3":{"name":"(anonymous_3)","line":175,"loc":{"start":{"line":175,"column":21},"end":{"line":175,"column":31}}},"4":{"name":"OutBatch","line":187,"loc":{"start":{"line":187,"column":0},"end":{"line":187,"column":20}}},"5":{"name":"(anonymous_5)","line":194,"loc":{"start":{"line":194,"column":28},"end":{"line":194,"column":54}}},"6":{"name":"(anonymous_6)","line":210,"loc":{"start":{"line":210,"column":33},"end":{"line":210,"column":58}}},"7":{"name":"(anonymous_7)","line":222,"loc":{"start":{"line":222,"column":32},"end":{"line":222,"column":50}}},"8":{"name":"BatchList","line":229,"loc":{"start":{"line":229,"column":0},"end":{"line":229,"column":21}}},"9":{"name":"(anonymous_9)","line":235,"loc":{"start":{"line":235,"column":30},"end":{"line":235,"column":42}}},"10":{"name":"(anonymous_10)","line":239,"loc":{"start":{"line":239,"column":29},"end":{"line":239,"column":55}}},"11":{"name":"(anonymous_11)","line":261,"loc":{"start":{"line":261,"column":28},"end":{"line":261,"column":40}}},"12":{"name":"(anonymous_12)","line":271,"loc":{"start":{"line":271,"column":30},"end":{"line":271,"column":47}}},"13":{"name":"(anonymous_13)","line":286,"loc":{"start":{"line":286,"column":17},"end":{"line":286,"column":33}}},"14":{"name":"(anonymous_14)","line":296,"loc":{"start":{"line":296,"column":26},"end":{"line":296,"column":38}}},"15":{"name":"(anonymous_15)","line":300,"loc":{"start":{"line":300,"column":26},"end":{"line":300,"column":38}}},"16":{"name":"(anonymous_16)","line":319,"loc":{"start":{"line":319,"column":25},"end":{"line":319,"column":36}}},"17":{"name":"(anonymous_17)","line":329,"loc":{"start":{"line":329,"column":26},"end":{"line":329,"column":37}}},"18":{"name":"(anonymous_18)","line":335,"loc":{"start":{"line":335,"column":23},"end":{"line":335,"column":34}}},"19":{"name":"(anonymous_19)","line":339,"loc":{"start":{"line":339,"column":25},"end":{"line":339,"column":36}}},"20":{"name":"(anonymous_20)","line":343,"loc":{"start":{"line":343,"column":24},"end":{"line":343,"column":35}}},"21":{"name":"(anonymous_21)","line":373,"loc":{"start":{"line":373,"column":30},"end":{"line":373,"column":48}}},"22":{"name":"(anonymous_22)","line":386,"loc":{"start":{"line":386,"column":30},"end":{"line":386,"column":43}}},"23":{"name":"(anonymous_23)","line":395,"loc":{"start":{"line":395,"column":26},"end":{"line":395,"column":40}}},"24":{"name":"(anonymous_24)","line":396,"loc":{"start":{"line":396,"column":42},"end":{"line":396,"column":53}}},"25":{"name":"(anonymous_25)","line":400,"loc":{"start":{"line":400,"column":42},"end":{"line":400,"column":56}}},"26":{"name":"(anonymous_26)","line":417,"loc":{"start":{"line":417,"column":24},"end":{"line":417,"column":43}}},"27":{"name":"(anonymous_27)","line":419,"loc":{"start":{"line":419,"column":23},"end":{"line":419,"column":37}}},"28":{"name":"(anonymous_28)","line":441,"loc":{"start":{"line":441,"column":28},"end":{"line":441,"column":43}}},"29":{"name":"(anonymous_29)","line":458,"loc":{"start":{"line":458,"column":26},"end":{"line":458,"column":45}}},"30":{"name":"(anonymous_30)","line":461,"loc":{"start":{"line":461,"column":27},"end":{"line":461,"column":41}}},"31":{"name":"(anonymous_31)","line":485,"loc":{"start":{"line":485,"column":30},"end":{"line":485,"column":45}}},"32":{"name":"(anonymous_32)","line":500,"loc":{"start":{"line":500,"column":27},"end":{"line":500,"column":42}}},"33":{"name":"(anonymous_33)","line":513,"loc":{"start":{"line":513,"column":30},"end":{"line":513,"column":45}}},"34":{"name":"(anonymous_34)","line":529,"loc":{"start":{"line":529,"column":27},"end":{"line":529,"column":59}}},"35":{"name":"(anonymous_35)","line":533,"loc":{"start":{"line":533,"column":31},"end":{"line":533,"column":84}}},"36":{"name":"(anonymous_36)","line":537,"loc":{"start":{"line":537,"column":31},"end":{"line":537,"column":47}}},"37":{"name":"(anonymous_37)","line":556,"loc":{"start":{"line":556,"column":29},"end":{"line":556,"column":40}}},"38":{"name":"(anonymous_38)","line":572,"loc":{"start":{"line":572,"column":29},"end":{"line":572,"column":46}}},"39":{"name":"(anonymous_39)","line":585,"loc":{"start":{"line":585,"column":31},"end":{"line":585,"column":48}}},"40":{"name":"(anonymous_40)","line":601,"loc":{"start":{"line":601,"column":24},"end":{"line":601,"column":49}}},"41":{"name":"(anonymous_41)","line":627,"loc":{"start":{"line":627,"column":30},"end":{"line":627,"column":42}}},"42":{"name":"(anonymous_42)","line":643,"loc":{"start":{"line":643,"column":31},"end":{"line":643,"column":43}}},"43":{"name":"(anonymous_43)","line":667,"loc":{"start":{"line":667,"column":31},"end":{"line":667,"column":42}}},"44":{"name":"(anonymous_44)","line":692,"loc":{"start":{"line":692,"column":32},"end":{"line":692,"column":43}}},"45":{"name":"(anonymous_45)","line":719,"loc":{"start":{"line":719,"column":25},"end":{"line":719,"column":36}}},"46":{"name":"(anonymous_46)","line":734,"loc":{"start":{"line":734,"column":23},"end":{"line":734,"column":47}}},"47":{"name":"(anonymous_47)","line":740,"loc":{"start":{"line":740,"column":32},"end":{"line":740,"column":48}}},"48":{"name":"(anonymous_48)","line":748,"loc":{"start":{"line":748,"column":32},"end":{"line":748,"column":43}}},"49":{"name":"(anonymous_49)","line":756,"loc":{"start":{"line":756,"column":32},"end":{"line":756,"column":48}}},"50":{"name":"(anonymous_50)","line":764,"loc":{"start":{"line":764,"column":32},"end":{"line":764,"column":43}}},"51":{"name":"proxy","line":776,"loc":{"start":{"line":776,"column":0},"end":{"line":776,"column":43}}},"52":{"name":"(anonymous_52)","line":783,"loc":{"start":{"line":783,"column":30},"end":{"line":783,"column":44}}},"53":{"name":"(anonymous_53)","line":787,"loc":{"start":{"line":787,"column":29},"end":{"line":787,"column":43}}},"54":{"name":"(anonymous_54)","line":797,"loc":{"start":{"line":797,"column":30},"end":{"line":797,"column":44}}},"55":{"name":"(anonymous_55)","line":801,"loc":{"start":{"line":801,"column":29},"end":{"line":801,"column":43}}},"56":{"name":"(anonymous_56)","line":812,"loc":{"start":{"line":812,"column":30},"end":{"line":812,"column":57}}},"57":{"name":"(anonymous_57)","line":816,"loc":{"start":{"line":816,"column":29},"end":{"line":816,"column":56}}},"58":{"name":"(anonymous_58)","line":826,"loc":{"start":{"line":826,"column":30},"end":{"line":826,"column":57}}},"59":{"name":"(anonymous_59)","line":830,"loc":{"start":{"line":830,"column":29},"end":{"line":830,"column":56}}}},"statementMap":{"1":{"start":{"line":5,"column":0},"end":{"line":7,"column":27}},"2":{"start":{"line":13,"column":0},"end":{"line":13,"column":31}},"3":{"start":{"line":19,"column":0},"end":{"line":19,"column":35}},"4":{"start":{"line":25,"column":0},"end":{"line":25,"column":43}},"5":{"start":{"line":31,"column":0},"end":{"line":46,"column":2}},"6":{"start":{"line":48,"column":0},"end":{"line":98,"column":2}},"7":{"start":{"line":100,"column":0},"end":{"line":107,"column":3}},"8":{"start":{"line":101,"column":2},"end":{"line":106,"column":5}},"9":{"start":{"line":113,"column":0},"end":{"line":141,"column":2}},"10":{"start":{"line":146,"column":0},"end":{"line":157,"column":1}},"11":{"start":{"line":161,"column":0},"end":{"line":161,"column":8}},"12":{"start":{"line":162,"column":0},"end":{"line":181,"column":1}},"13":{"start":{"line":163,"column":2},"end":{"line":163,"column":22}},"14":{"start":{"line":163,"column":11},"end":{"line":163,"column":22}},"15":{"start":{"line":165,"column":2},"end":{"line":165,"column":21}},"16":{"start":{"line":166,"column":2},"end":{"line":172,"column":3}},"17":{"start":{"line":167,"column":4},"end":{"line":167,"column":58}},"18":{"start":{"line":168,"column":4},"end":{"line":171,"column":5}},"19":{"start":{"line":169,"column":6},"end":{"line":169,"column":75}},"20":{"start":{"line":170,"column":6},"end":{"line":170,"column":21}},"21":{"start":{"line":174,"column":2},"end":{"line":174,"column":36}},"22":{"start":{"line":175,"column":2},"end":{"line":178,"column":5}},"23":{"start":{"line":177,"column":4},"end":{"line":177,"column":15}},"24":{"start":{"line":180,"column":2},"end":{"line":180,"column":13}},"25":{"start":{"line":187,"column":0},"end":{"line":192,"column":1}},"26":{"start":{"line":188,"column":2},"end":{"line":188,"column":20}},"27":{"start":{"line":189,"column":2},"end":{"line":189,"column":16}},"28":{"start":{"line":190,"column":2},"end":{"line":190,"column":24}},"29":{"start":{"line":191,"column":2},"end":{"line":191,"column":19}},"30":{"start":{"line":194,"column":0},"end":{"line":208,"column":2}},"31":{"start":{"line":195,"column":2},"end":{"line":197,"column":3}},"32":{"start":{"line":196,"column":4},"end":{"line":196,"column":42}},"33":{"start":{"line":199,"column":2},"end":{"line":199,"column":32}},"34":{"start":{"line":201,"column":2},"end":{"line":203,"column":3}},"35":{"start":{"line":202,"column":4},"end":{"line":202,"column":22}},"36":{"start":{"line":205,"column":2},"end":{"line":207,"column":3}},"37":{"start":{"line":206,"column":4},"end":{"line":206,"column":25}},"38":{"start":{"line":210,"column":0},"end":{"line":220,"column":2}},"39":{"start":{"line":211,"column":2},"end":{"line":211,"column":23}},"40":{"start":{"line":212,"column":2},"end":{"line":215,"column":3}},"41":{"start":{"line":213,"column":4},"end":{"line":213,"column":36}},"42":{"start":{"line":214,"column":4},"end":{"line":214,"column":20}},"43":{"start":{"line":217,"column":2},"end":{"line":219,"column":3}},"44":{"start":{"line":218,"column":4},"end":{"line":218,"column":16}},"45":{"start":{"line":222,"column":0},"end":{"line":226,"column":2}},"46":{"start":{"line":223,"column":2},"end":{"line":225,"column":3}},"47":{"start":{"line":224,"column":4},"end":{"line":224,"column":29}},"48":{"start":{"line":229,"column":0},"end":{"line":233,"column":1}},"49":{"start":{"line":230,"column":2},"end":{"line":230,"column":25}},"50":{"start":{"line":231,"column":2},"end":{"line":231,"column":24}},"51":{"start":{"line":232,"column":2},"end":{"line":232,"column":18}},"52":{"start":{"line":235,"column":0},"end":{"line":237,"column":2}},"53":{"start":{"line":236,"column":2},"end":{"line":236,"column":60}},"54":{"start":{"line":239,"column":0},"end":{"line":259,"column":2}},"55":{"start":{"line":240,"column":2},"end":{"line":240,"column":29}},"56":{"start":{"line":242,"column":2},"end":{"line":256,"column":3}},"57":{"start":{"line":243,"column":4},"end":{"line":243,"column":27}},"58":{"start":{"line":245,"column":4},"end":{"line":247,"column":5}},"59":{"start":{"line":246,"column":6},"end":{"line":246,"column":34}},"60":{"start":{"line":249,"column":4},"end":{"line":249,"column":27}},"61":{"start":{"line":251,"column":4},"end":{"line":253,"column":5}},"62":{"start":{"line":252,"column":6},"end":{"line":252,"column":30}},"63":{"start":{"line":255,"column":4},"end":{"line":255,"column":21}},"64":{"start":{"line":258,"column":2},"end":{"line":258,"column":31}},"65":{"start":{"line":261,"column":0},"end":{"line":269,"column":2}},"66":{"start":{"line":262,"column":2},"end":{"line":262,"column":30}},"67":{"start":{"line":263,"column":2},"end":{"line":267,"column":3}},"68":{"start":{"line":264,"column":4},"end":{"line":264,"column":33}},"69":{"start":{"line":265,"column":4},"end":{"line":265,"column":21}},"70":{"start":{"line":266,"column":4},"end":{"line":266,"column":17}},"71":{"start":{"line":268,"column":2},"end":{"line":268,"column":19}},"72":{"start":{"line":271,"column":0},"end":{"line":274,"column":2}},"73":{"start":{"line":272,"column":2},"end":{"line":272,"column":26}},"74":{"start":{"line":273,"column":2},"end":{"line":273,"column":19}},"75":{"start":{"line":285,"column":0},"end":{"line":303,"column":2}},"76":{"start":{"line":287,"column":2},"end":{"line":287,"column":18}},"77":{"start":{"line":288,"column":2},"end":{"line":288,"column":26}},"78":{"start":{"line":289,"column":2},"end":{"line":289,"column":19}},"79":{"start":{"line":290,"column":2},"end":{"line":290,"column":67}},"80":{"start":{"line":291,"column":2},"end":{"line":291,"column":23}},"81":{"start":{"line":292,"column":2},"end":{"line":292,"column":32}},"82":{"start":{"line":293,"column":2},"end":{"line":293,"column":33}},"83":{"start":{"line":294,"column":2},"end":{"line":294,"column":35}},"84":{"start":{"line":296,"column":2},"end":{"line":298,"column":4}},"85":{"start":{"line":297,"column":4},"end":{"line":297,"column":23}},"86":{"start":{"line":300,"column":2},"end":{"line":302,"column":4}},"87":{"start":{"line":301,"column":4},"end":{"line":301,"column":24}},"88":{"start":{"line":309,"column":0},"end":{"line":309,"column":36}},"89":{"start":{"line":319,"column":0},"end":{"line":321,"column":1}},"90":{"start":{"line":320,"column":2},"end":{"line":320,"column":22}},"91":{"start":{"line":329,"column":0},"end":{"line":333,"column":1}},"92":{"start":{"line":330,"column":2},"end":{"line":330,"column":23}},"93":{"start":{"line":331,"column":2},"end":{"line":331,"column":21}},"94":{"start":{"line":332,"column":2},"end":{"line":332,"column":22}},"95":{"start":{"line":335,"column":0},"end":{"line":337,"column":1}},"96":{"start":{"line":336,"column":2},"end":{"line":336,"column":18}},"97":{"start":{"line":339,"column":0},"end":{"line":341,"column":1}},"98":{"start":{"line":340,"column":2},"end":{"line":340,"column":20}},"99":{"start":{"line":343,"column":0},"end":{"line":361,"column":1}},"100":{"start":{"line":344,"column":2},"end":{"line":344,"column":26}},"101":{"start":{"line":346,"column":2},"end":{"line":348,"column":3}},"102":{"start":{"line":347,"column":4},"end":{"line":347,"column":16}},"103":{"start":{"line":350,"column":2},"end":{"line":350,"column":47}},"104":{"start":{"line":352,"column":2},"end":{"line":358,"column":3}},"105":{"start":{"line":353,"column":4},"end":{"line":355,"column":52}},"106":{"start":{"line":354,"column":6},"end":{"line":354,"column":37}},"107":{"start":{"line":357,"column":4},"end":{"line":357,"column":19}},"108":{"start":{"line":360,"column":2},"end":{"line":360,"column":14}},"109":{"start":{"line":373,"column":0},"end":{"line":376,"column":2}},"110":{"start":{"line":374,"column":2},"end":{"line":374,"column":46}},"111":{"start":{"line":375,"column":2},"end":{"line":375,"column":14}},"112":{"start":{"line":386,"column":0},"end":{"line":388,"column":2}},"113":{"start":{"line":387,"column":2},"end":{"line":387,"column":48}},"114":{"start":{"line":395,"column":0},"end":{"line":404,"column":3}},"115":{"start":{"line":396,"column":2},"end":{"line":398,"column":5}},"116":{"start":{"line":397,"column":4},"end":{"line":397,"column":44}},"117":{"start":{"line":400,"column":2},"end":{"line":403,"column":5}},"118":{"start":{"line":401,"column":4},"end":{"line":401,"column":62}},"119":{"start":{"line":401,"column":32},"end":{"line":401,"column":62}},"120":{"start":{"line":402,"column":4},"end":{"line":402,"column":49}},"121":{"start":{"line":417,"column":0},"end":{"line":431,"column":2}},"122":{"start":{"line":418,"column":2},"end":{"line":418,"column":18}},"123":{"start":{"line":419,"column":2},"end":{"line":429,"column":5}},"124":{"start":{"line":420,"column":4},"end":{"line":422,"column":5}},"125":{"start":{"line":421,"column":6},"end":{"line":421,"column":27}},"126":{"start":{"line":424,"column":4},"end":{"line":424,"column":23}},"127":{"start":{"line":425,"column":4},"end":{"line":425,"column":24}},"128":{"start":{"line":427,"column":4},"end":{"line":427,"column":28}},"129":{"start":{"line":428,"column":4},"end":{"line":428,"column":15}},"130":{"start":{"line":430,"column":2},"end":{"line":430,"column":14}},"131":{"start":{"line":441,"column":0},"end":{"line":445,"column":2}},"132":{"start":{"line":442,"column":2},"end":{"line":442,"column":27}},"133":{"start":{"line":444,"column":2},"end":{"line":444,"column":14}},"134":{"start":{"line":458,"column":0},"end":{"line":475,"column":2}},"135":{"start":{"line":459,"column":2},"end":{"line":473,"column":3}},"136":{"start":{"line":460,"column":4},"end":{"line":460,"column":20}},"137":{"start":{"line":461,"column":4},"end":{"line":470,"column":7}},"138":{"start":{"line":462,"column":6},"end":{"line":464,"column":7}},"139":{"start":{"line":463,"column":8},"end":{"line":463,"column":29}},"140":{"start":{"line":465,"column":6},"end":{"line":465,"column":32}},"141":{"start":{"line":467,"column":6},"end":{"line":467,"column":25}},"142":{"start":{"line":468,"column":6},"end":{"line":468,"column":26}},"143":{"start":{"line":469,"column":6},"end":{"line":469,"column":17}},"144":{"start":{"line":472,"column":4},"end":{"line":472,"column":15}},"145":{"start":{"line":474,"column":2},"end":{"line":474,"column":14}},"146":{"start":{"line":485,"column":0},"end":{"line":490,"column":1}},"147":{"start":{"line":486,"column":2},"end":{"line":488,"column":3}},"148":{"start":{"line":487,"column":4},"end":{"line":487,"column":31}},"149":{"start":{"line":489,"column":2},"end":{"line":489,"column":14}},"150":{"start":{"line":500,"column":0},"end":{"line":503,"column":2}},"151":{"start":{"line":501,"column":2},"end":{"line":501,"column":26}},"152":{"start":{"line":502,"column":2},"end":{"line":502,"column":14}},"153":{"start":{"line":513,"column":0},"end":{"line":518,"column":2}},"154":{"start":{"line":514,"column":2},"end":{"line":516,"column":3}},"155":{"start":{"line":515,"column":4},"end":{"line":515,"column":31}},"156":{"start":{"line":517,"column":2},"end":{"line":517,"column":14}},"157":{"start":{"line":529,"column":0},"end":{"line":546,"column":2}},"158":{"start":{"line":530,"column":2},"end":{"line":544,"column":3}},"159":{"start":{"line":531,"column":4},"end":{"line":531,"column":20}},"160":{"start":{"line":533,"column":4},"end":{"line":535,"column":5}},"161":{"start":{"line":534,"column":6},"end":{"line":534,"column":68}},"162":{"start":{"line":537,"column":4},"end":{"line":539,"column":5}},"163":{"start":{"line":538,"column":6},"end":{"line":538,"column":40}},"164":{"start":{"line":541,"column":4},"end":{"line":541,"column":45}},"165":{"start":{"line":543,"column":4},"end":{"line":543,"column":105}},"166":{"start":{"line":545,"column":2},"end":{"line":545,"column":14}},"167":{"start":{"line":556,"column":0},"end":{"line":561,"column":2}},"168":{"start":{"line":557,"column":2},"end":{"line":559,"column":3}},"169":{"start":{"line":558,"column":4},"end":{"line":558,"column":26}},"170":{"start":{"line":560,"column":2},"end":{"line":560,"column":14}},"171":{"start":{"line":572,"column":0},"end":{"line":575,"column":2}},"172":{"start":{"line":573,"column":2},"end":{"line":573,"column":27}},"173":{"start":{"line":574,"column":2},"end":{"line":574,"column":14}},"174":{"start":{"line":585,"column":0},"end":{"line":588,"column":2}},"175":{"start":{"line":586,"column":2},"end":{"line":586,"column":29}},"176":{"start":{"line":587,"column":2},"end":{"line":587,"column":14}},"177":{"start":{"line":601,"column":0},"end":{"line":624,"column":2}},"178":{"start":{"line":602,"column":2},"end":{"line":602,"column":20}},"179":{"start":{"line":604,"column":2},"end":{"line":614,"column":3}},"180":{"start":{"line":605,"column":4},"end":{"line":611,"column":5}},"181":{"start":{"line":606,"column":6},"end":{"line":606,"column":33}},"182":{"start":{"line":607,"column":6},"end":{"line":607,"column":62}},"183":{"start":{"line":608,"column":6},"end":{"line":608,"column":45}},"184":{"start":{"line":610,"column":6},"end":{"line":610,"column":56}},"185":{"start":{"line":613,"column":4},"end":{"line":613,"column":42}},"186":{"start":{"line":616,"column":2},"end":{"line":621,"column":3}},"187":{"start":{"line":617,"column":4},"end":{"line":617,"column":29}},"188":{"start":{"line":618,"column":4},"end":{"line":618,"column":24}},"189":{"start":{"line":620,"column":4},"end":{"line":620,"column":30}},"190":{"start":{"line":623,"column":2},"end":{"line":623,"column":14}},"191":{"start":{"line":627,"column":0},"end":{"line":641,"column":2}},"192":{"start":{"line":628,"column":2},"end":{"line":628,"column":34}},"193":{"start":{"line":629,"column":2},"end":{"line":631,"column":3}},"194":{"start":{"line":630,"column":4},"end":{"line":630,"column":17}},"195":{"start":{"line":634,"column":2},"end":{"line":639,"column":3}},"196":{"start":{"line":636,"column":4},"end":{"line":636,"column":37}},"197":{"start":{"line":638,"column":4},"end":{"line":638,"column":55}},"198":{"start":{"line":640,"column":2},"end":{"line":640,"column":14}},"199":{"start":{"line":643,"column":0},"end":{"line":664,"column":2}},"200":{"start":{"line":644,"column":2},"end":{"line":644,"column":37}},"201":{"start":{"line":645,"column":2},"end":{"line":648,"column":3}},"202":{"start":{"line":646,"column":4},"end":{"line":646,"column":30}},"203":{"start":{"line":647,"column":4},"end":{"line":647,"column":17}},"204":{"start":{"line":650,"column":2},"end":{"line":663,"column":3}},"205":{"start":{"line":651,"column":4},"end":{"line":655,"column":5}},"206":{"start":{"line":652,"column":6},"end":{"line":652,"column":51}},"207":{"start":{"line":653,"column":6},"end":{"line":653,"column":29}},"208":{"start":{"line":654,"column":6},"end":{"line":654,"column":18}},"209":{"start":{"line":657,"column":4},"end":{"line":657,"column":34}},"210":{"start":{"line":658,"column":4},"end":{"line":658,"column":17}},"211":{"start":{"line":660,"column":4},"end":{"line":660,"column":49}},"212":{"start":{"line":661,"column":4},"end":{"line":661,"column":39}},"213":{"start":{"line":662,"column":4},"end":{"line":662,"column":17}},"214":{"start":{"line":667,"column":0},"end":{"line":690,"column":2}},"215":{"start":{"line":668,"column":2},"end":{"line":668,"column":52}},"216":{"start":{"line":668,"column":45},"end":{"line":668,"column":52}},"217":{"start":{"line":670,"column":2},"end":{"line":670,"column":31}},"218":{"start":{"line":672,"column":2},"end":{"line":672,"column":15}},"219":{"start":{"line":674,"column":2},"end":{"line":682,"column":21}},"220":{"start":{"line":675,"column":4},"end":{"line":681,"column":5}},"221":{"start":{"line":676,"column":6},"end":{"line":676,"column":35}},"222":{"start":{"line":678,"column":6},"end":{"line":678,"column":36}},"223":{"start":{"line":679,"column":6},"end":{"line":679,"column":32}},"224":{"start":{"line":680,"column":6},"end":{"line":680,"column":13}},"225":{"start":{"line":684,"column":2},"end":{"line":684,"column":32}},"226":{"start":{"line":689,"column":2},"end":{"line":689,"column":22}},"227":{"start":{"line":692,"column":0},"end":{"line":710,"column":2}},"228":{"start":{"line":693,"column":2},"end":{"line":693,"column":53}},"229":{"start":{"line":693,"column":46},"end":{"line":693,"column":53}},"230":{"start":{"line":695,"column":2},"end":{"line":695,"column":32}},"231":{"start":{"line":697,"column":2},"end":{"line":697,"column":11}},"232":{"start":{"line":699,"column":2},"end":{"line":707,"column":17}},"233":{"start":{"line":700,"column":4},"end":{"line":706,"column":5}},"234":{"start":{"line":701,"column":6},"end":{"line":701,"column":32}},"235":{"start":{"line":703,"column":6},"end":{"line":703,"column":37}},"236":{"start":{"line":704,"column":6},"end":{"line":704,"column":32}},"237":{"start":{"line":705,"column":6},"end":{"line":705,"column":13}},"238":{"start":{"line":709,"column":2},"end":{"line":709,"column":33}},"239":{"start":{"line":719,"column":0},"end":{"line":722,"column":2}},"240":{"start":{"line":720,"column":2},"end":{"line":720,"column":20}},"241":{"start":{"line":721,"column":2},"end":{"line":721,"column":14}},"242":{"start":{"line":733,"column":0},"end":{"line":738,"column":2}},"243":{"start":{"line":735,"column":2},"end":{"line":735,"column":30}},"244":{"start":{"line":736,"column":2},"end":{"line":736,"column":52}},"245":{"start":{"line":736,"column":27},"end":{"line":736,"column":52}},"246":{"start":{"line":737,"column":2},"end":{"line":737,"column":14}},"247":{"start":{"line":740,"column":0},"end":{"line":746,"column":2}},"248":{"start":{"line":741,"column":2},"end":{"line":743,"column":3}},"249":{"start":{"line":742,"column":4},"end":{"line":742,"column":115}},"250":{"start":{"line":744,"column":2},"end":{"line":744,"column":36}},"251":{"start":{"line":745,"column":2},"end":{"line":745,"column":47}},"252":{"start":{"line":748,"column":0},"end":{"line":754,"column":2}},"253":{"start":{"line":749,"column":2},"end":{"line":751,"column":3}},"254":{"start":{"line":750,"column":4},"end":{"line":750,"column":115}},"255":{"start":{"line":752,"column":2},"end":{"line":752,"column":36}},"256":{"start":{"line":753,"column":2},"end":{"line":753,"column":47}},"257":{"start":{"line":756,"column":0},"end":{"line":762,"column":2}},"258":{"start":{"line":757,"column":2},"end":{"line":759,"column":3}},"259":{"start":{"line":758,"column":4},"end":{"line":758,"column":115}},"260":{"start":{"line":760,"column":2},"end":{"line":760,"column":36}},"261":{"start":{"line":761,"column":2},"end":{"line":761,"column":48}},"262":{"start":{"line":764,"column":0},"end":{"line":770,"column":2}},"263":{"start":{"line":765,"column":2},"end":{"line":767,"column":3}},"264":{"start":{"line":766,"column":4},"end":{"line":766,"column":115}},"265":{"start":{"line":768,"column":2},"end":{"line":768,"column":36}},"266":{"start":{"line":769,"column":2},"end":{"line":769,"column":48}},"267":{"start":{"line":776,"column":0},"end":{"line":839,"column":1}},"268":{"start":{"line":777,"column":2},"end":{"line":838,"column":3}},"269":{"start":{"line":781,"column":6},"end":{"line":805,"column":7}},"270":{"start":{"line":783,"column":8},"end":{"line":785,"column":11}},"271":{"start":{"line":784,"column":10},"end":{"line":784,"column":28}},"272":{"start":{"line":787,"column":8},"end":{"line":792,"column":11}},"273":{"start":{"line":788,"column":10},"end":{"line":788,"column":29}},"274":{"start":{"line":791,"column":10},"end":{"line":791,"column":28}},"275":{"start":{"line":797,"column":8},"end":{"line":799,"column":11}},"276":{"start":{"line":798,"column":10},"end":{"line":798,"column":28}},"277":{"start":{"line":801,"column":8},"end":{"line":803,"column":11}},"278":{"start":{"line":802,"column":10},"end":{"line":802,"column":29}},"279":{"start":{"line":806,"column":6},"end":{"line":806,"column":12}},"280":{"start":{"line":809,"column":6},"end"
[...]
don');","  }","  var defaultCtx = defaultContext();","  return defaultCtx.getOpt(zmq.ZMQ_MAX_SOCKETS);","};","","/**"," * JS based on API characteristics of the native zmq_proxy()"," */","","function proxy (frontend, backend, capture){","  switch(frontend.type+'/'+backend.type){","    case 'push/pull':","    case 'pull/push':","    case 'xpub/xsub':","      if(capture){","","        frontend.on('message',function (msg){","          backend.send(msg);","        });","","        backend.on('message',function (msg){","          frontend.send(msg);","","          //forwarding messages over capture socket","          capture.send(msg);","        });","","      } else {","","        //no capture socket provided, just forwarding msgs to respective sockets","        frontend.on('message',function (msg){","          backend.send(msg);","        });","","        backend.on('message',function (msg){","          frontend.send(msg);","        });","","      }","      break;","    case 'router/dealer':","    case 'xrep/xreq':","      if(capture){","","        //forwarding router/dealer pack signature: id, delimiter, msg","        frontend.on('message',function (id,delimiter,msg){","          backend.send([id,delimiter,msg]);","        });","","        backend.on('message',function (id,delimiter,msg){","          frontend.send([id,delimiter,msg]);","","          //forwarding message to the capture socket","          capture.send(msg);","        });","","      } else {","","        //forwarding router/dealer signatures without capture","        frontend.on('message',function (id,delimiter,msg){","          backend.send([id,delimiter,msg]);","        });","","        backend.on('message',function (id,delimiter,msg){","          frontend.send([id,delimiter,msg]);","        });","","      }","      break;","    default:","      throw new Error('wrong socket order to proxy');","  }","}","","exports.proxy = proxy;",""],"l":{"5":10,"13":0,"19":0,"25":0,"31":0,"48":0,"100":0,"101":0,"113":0,"146":0,"161":0,"162":1,"163":0,"165":0,"166":0,"167":0,"168":0,"169":0,"170":0,"174":0,"175":0,"177":0,"180":0,"187":1,"188":0,"189":0,"190":0,"191":0,"194":0,"195":0,"196":0,"199":0,"201":0,"202":0,"205":0,"206":0,"210":0,"211":0,"212":0,"213":0,"214":0,"217":0,"218":0,"222":0,"223":0,"224":0,"229":1,"230":0,"231":0,"232":0,"235":0,"236":0,"239":0,"240":0,"242":0,"243":0,"245":0,"246":0,"249":0,"251":0,"252":0,"255":0,"258":0,"261":0,"262":0,"263":0,"264":0,"265":0,"266":0,"268":0,"271":0,"272":0,"273":0,"285":0,"287":0,"288":0,"289":0,"290":0,"291":0,"292":0,"293":0,"294":0,"296":0,"297":0,"300":0,"301":0,"309":0,"319":0,"320":0,"329":0,"330":0,"331":0,"332":0,"335":0,"336":0,"339":0,"340":0,"343":0,"344":0,"346":0,"347":0,"350":0,"352":0,"353":0,"354":0,"357":0,"360":0,"373":0,"374":0,"375":0,"386":0,"387":0,"395":0,"396":0,"397":0,"400":0,"401":0,"402":0,"417":0,"418":0,"419":0,"420":0,"421":0,"424":0,"425":0,"427":0,"428":0,"430":0,"441":0,"442":0,"444":0,"458":0,"459":0,"460":0,"461":0,"462":0,"463":0,"465":0,"467":0,"468":0,"469":0,"472":0,"474":0,"485":0,"486":0,"487":0,"489":0,"500":0,"501":0,"502":0,"513":0,"514":0,"515":0,"517":0,"529":0,"530":0,"531":0,"533":0,"534":0,"537":0,"538":0,"541":0,"543":0,"545":0,"556":0,"557":0,"558":0,"560":0,"572":0,"573":0,"574":0,"585":0,"586":0,"587":0,"601":0,"602":0,"604":0,"605":0,"606":0,"607":0,"608":0,"610":0,"613":0,"616":0,"617":0,"618":0,"620":0,"623":0,"627":0,"628":0,"629":0,"630":0,"634":0,"636":0,"638":0,"640":0,"643":0,"644":0,"645":0,"646":0,"647":0,"650":0,"651":0,"652":0,"653":0,"654":0,"657":0,"658":0,"660":0,"661":0,"662":0,"667":0,"668":0,"670":0,"672":0,"674":0,"675":0,"676":0,"678":0,"679":0,"680":0,"684":0,"689":0,"692":0,"693":0,"695":0,"697":0,"699":0,"700":0,"701":0,"703":0,"704":0,"705":0,"709":0,"719":0,"720":0,"721":0,"733":0,"735":0,"736":0,"737":0,"740":0,"741":0,"742":0,"744":0,"745":0,"748":0,"749":0,"750":0,"752":0,"753":0,"756":0,"757":0,"758":0,"760":0,"761":0,"764":0,"765":0,"766":0,"768":0,"769":0,"776":1,"777":0,"781":0,"783":0,"784":0,"787":0,"788":0,"791":0,"797":0,"798":0,"801":0,"802":0,"806":0,"809":0,"812":0,"813":0,"816":0,"817":0,"820":0,"826":0,"827":0,"830":0,"831":0,"835":0,"837":0,"841":0}},"/home/travis/build/npmtest/node-npmtest-zmq/node_modules/zmq/perf/local_lat.js":{"path":"/home/travis/build/npmtest/node-npmtest-zmq/node_modules/zmq/perf/local_lat.js","s":{"1":2,"2":0,"3":0,"4":0,"5":0,"6":0,"7":0,"8":0,"9":0,"10":0,"11":0,"12":0,"13":0,"14":0,"15":0,"16":0,"17":0},"b":{"1":[0,0],"2":[0,0]},"f":{"1":0,"2":0},"fnMap":{"1":{"name":"(anonymous_1)","line":17,"loc":{"start":{"line":17,"column":18},"end":{"line":17,"column":34}}},"2":{"name":"(anonymous_2)","line":21,"loc":{"start":{"line":21,"column":16},"end":{"line":21,"column":26}}}},"statementMap":{"1":{"start":{"line":1,"column":0},"end":{"line":1,"column":25}},"2":{"start":{"line":2,"column":0},"end":{"line":2,"column":31}},"3":{"start":{"line":4,"column":0},"end":{"line":7,"column":1}},"4":{"start":{"line":5,"column":2},"end":{"line":5,"column":77}},"5":{"start":{"line":6,"column":2},"end":{"line":6,"column":18}},"6":{"start":{"line":9,"column":0},"end":{"line":9,"column":30}},"7":{"start":{"line":10,"column":0},"end":{"line":10,"column":43}},"8":{"start":{"line":11,"column":0},"end":{"line":11,"column":46}},"9":{"start":{"line":12,"column":0},"end":{"line":12,"column":16}},"10":{"start":{"line":14,"column":0},"end":{"line":14,"column":28}},"11":{"start":{"line":15,"column":0},"end":{"line":15,"column":22}},"12":{"start":{"line":17,"column":0},"end":{"line":25,"column":2}},"13":{"start":{"line":18,"column":2},"end":{"line":18,"column":72}},"14":{"start":{"line":19,"column":2},"end":{"line":19,"column":17}},"15":{"start":{"line":20,"column":2},"end":{"line":24,"column":3}},"16":{"start":{"line":21,"column":4},"end":{"line":23,"column":13}},"17":{"start":{"line":22,"column":6},"end":{"line":22,"column":18}}},"branchMap":{"1":{"line":4,"type":"if","locations":[{"start":{"line":4,"column":0},"end":{"line":4,"column":0}},{"start":{"line":4,"column":0},"end":{"line":4,"column":0}}]},"2":{"line":20,"type":"if","locations":[{"start":{"line":20,"column":2},"end":{"line":20,"column":2}},{"start":{"line":20,"column":2},"end":{"line":20,"column":2}}]}},"code":["var zmq = require('../');","var assert = require('assert');","","if (process.argv.length != 5) {","  console.log('usage: local_lat <bind-to> <message-size> <roundtrip-count>');","  process.exit(1);","}","","var bind_to = process.argv[2];","var message_size = Number(process.argv[3]);","var roundtrip_count = Number(process.argv[4]);","var counter = 0;","","var rep = zmq.socket('rep');","rep.bindSync(bind_to);","","rep.on('message', function (data) {","  assert.equal(data.length, message_size, 'message-size did not match');","  rep.send(data);","  if (++counter === roundtrip_count){ ","    setTimeout( function(){ ","      rep.close();","    }, 1000); ","  }","})",""],"l":{"1":2,"2":0,"4":0,"5":0,"6":0,"9":0,"10":0,"11":0,"12":0,"14":0,"15":0,"17":0,"18":0,"19":0,"20":0,"21":0,"22":0}},"/home/travis/build/npmtest/node-npmtest-zmq/node_modules/zmq/perf/local_thr.js":{"path":"/home/travis/build/npmtest/node-npmtest-zmq/node_modules/zmq/perf/local_thr.js","s":{"1":2,"2":0,"3":0,"4":0,"5":0,"6":0,"7":0,"8":0,"9":0,"10":0,"11":0,"12":0,"13":0,"14":0,"15":0,"16":0,"17":0,"18":0,"19":0,"20":1,"21":0,"22":0,"23":0,"24":0,"25":0,"26":0,"27":0,"28":0,"29":0,"30":0},"b":{"1":[0,0],"2":[0,0],"3":[0,0]},"f":{"1":0,"2":0},"fnMap":{"1":{"name":"(anonymous_1)","line":19,"loc":{"start":{"line":19,"column":19},"end":{"line":19,"column":35}}},"2":{"name":"finish","line":29,"loc":{"start":{"line":29,"column":0},"end":{"line":29,"column":17}}}},"statementMap":{"1":{"start":{"line":1,"column":0},"end":{"line":1,"column":25}},"2":{"start":{"line":2,"column":0},"end":{"line":2,"column":31}},"3":{"start":{"line":4,"column":0},"end":{"line":7,"column":1}},"4":{"start":{"line":5,"column":2},"end":{"line":5,"column":75}},"5":{"start":{"line":6,"column":2},"end":{"line":6,"column":18}},"6":{"start":{"line":9,"column":0},"end":{"line":9,"column":30}},"7":{"start":{"line":10,"column":0},"end":{"line":10,"column":43}},"8":{"start":{"line":11,"column":0},"end":{"line":11,"column":44}},"9":{"start":{"line":12,"column":0},"end":{"line":12,"column":16}},"10":{"start":{"line":14,"column":0},"end":{"line":14,"column":30}},"11":{"start":{"line":15,"column":0},"end":{"line":15,"column":23}},"12":{"start":{"line":17,"column":0},"end":{"line":17,"column":10}},"13":{"start":{"line":19,"column":0},"end":{"line":27,"column":2}},"14":{"start":{"line":20,"column":2},"end":{"line":23,"column":3}},"15":{"start":{"line":21,"column":4},"end":{"line":21,"column":37}},"16":{"start":{"line":22,"column":4},"end":{"line":22,"column":29}},"17":{"start":{"line":25,"column":2},"end":{"line":25,"column":72}},"18":{"start":{"line":26,"column":2},"end":{"line":26,"column":44}},"19":{"start":{"line":26,"column":35},"end":{"line":26,"column":44}},"20":{"start":{"line":29,"column":0},"end":{"line":41,"column":1}},"21":{"start":{"line":30,"column":2},"end":{"line":30,"column":38}},"22":{"start":{"line":31,"column":2},"end":{"line":31,"column":49}},"23":{"start":{"line":32,"column":2},"end":{"line":32,"column":39}},"24":{"start":{"line":33,"column":2},"end":{"line":33,"column":59}},"25":{"start":{"line":35,"column":2},"end":{"line":35,"column":52}},"26":{"start":{"line":36,"column":2},"end":{"line":36,"column":50}},"27":{"start":{"line":37,"column":2},"end":{"line":37,"column":68}},"28":{"start":{"line":38,"column":2},"end":{"line":38,"column":67}},"29":{"start":{"line":39,"column":2},"end":{"line":39,"column":82}},"30":{"start":{"line":40,"column":2},"end":{"line":40,"column":15}}},"branchMap":{"1":{"line":4,"type":"if","locations":[{"start":{"line":4,"column":0},"end":{"line":4,"column":0}},{"start":{"line":4,"column":0},"end":{"line":4,"column":0}}]},"2":{"line":20,"type":"if","locations":[{"start":{"line":20,"column":2},"end":{"line":20,"column":2}},{"start":{"line":20,"column":2},"end":{"line":20,"column":2}}]},"3":{"line":26,"type":"if","locations":[{"start":{"line":26,"column":2},"end":{"line":26,"column":2}},{"start":{"line":26,"column":2},"end":{"line":26,"column":2}}]}},"code":["var zmq = require('../');","var assert = require('assert');","","if (process.argv.length != 5) {","  console.log('usage: local_thr <bind-to> <message-size> <message-count>');","  process.exit(1);","}","","var bind_to = process.argv[2];","var message_size = Number(process.argv[3]);","var message_count = Number(process.argv[4]);","var counter = 0;","","var sock = zmq.socket('pull');","sock.bindSync(bind_to);","","var timer;","","sock.on('message', function (data) {","  if (!timer) {","    console.log('started receiving');","    timer = process.hrtime();","  }","","  assert.equal(data.length, message_size, 'message-size did not match');","  if (++counter === message_count) finish();","})","","function finish(){","  var endtime = process.hrtime(timer);","  var sec = endtime[0] + (endtime[1]/1000000000);","  var throughput = message_count / sec;","  var megabits = (throughput * message_size * 8) / 1000000;","","  console.log('message size: %d [B]', message_size);","  console.log('message count: %d', message_count);","  console.log('mean throughput: %d [msg/s]', throughput.toFixed(0));","  console.log('mean throughput: %d [Mbit/s]', megabits.toFixed(0));","  console.log('overall time: %d secs and %d nanoseconds', endtime[0], endtime[1]);","  sock.close();","}",""],"l":{"1":2,"2":0,"4":0,"5":0,"6":0,"9":0,"10":0,"11":0,"12":0,"14":0,"15":0,"17":0,"19":0,"20":0,"21":0,"22":0,"25":0,"26":0,"29":1,"30":0,"31":0,"32":0,"33":0,"35":0,"36":0,"37":0,"38":0,"39":0,"40":0}},"/home/travis/build/npmtest/node-npmtest-zmq/node_modules/zmq/perf/remote_lat.js":{"path":"/home/travis/build/npmtest/node-npmtest-zmq/node_modules/zmq/perf/remote_lat.js","s":{"1":2,"2":0,"3":0,"4":0,"5":0,"6":0,"7":0,"8":0,"9":0,"10":0,"11":0,"12":0,"13":0,"14":0,"15":0,"16":0,"17":0,"18":0,"19":0,"20":0,"21":0,"22":0,"23":1,"24":0,"25":0,"26":0,"27":0,"28":0,"29":0,"30":0,"31":1,"32":0,"33":0},"b":{"1":[0,0],"2":[0,0],"3":[0,0]},"f":{"1":0,"2":0,"3":0},"fnMap":{"1":{"name":"(anonymous_1)","line":22,"loc":{"start":{"line":22,"column":18},"end":{"line":22,"column":34}}},"2":{"name":"finish","line":37,"loc":{"start":{"line":37,"column":0},"end":{"line":37,"column":18}}},"3":{"name":"send","line":48,"loc":{"start":{"line":48,"column":0},"end":{"line":48,"column":16}}}},"statementMap":{"1":{"start":{"line":1,"column":0},"end":{"line":1,"column":25}},"2":{"start":{"line":2,"column":0},"end":{"line":2,"column":31}},"3":{"start":{"line":4,"column":0},"end":{"line":7,"column":1}},"4":{"start":{"line":5,"column":2},"end":{"line":5,"column":81}},"5":{"start":{"line":6,"column":2},"end":{"line":6,"column":18}},"6":{"start":{"line":9,"column":0},"end":{"line":9,"column":33}},"7":{"start":{"line":10,"column":0},"end":{"line":10,"column":43}},"8":{"start":{"line":11,"column":0},"end":{"line":11,"column":46}},"9":{"start":{"line":12,"column":0},"end":{"line":12,"column":39}},"10":{"start":{"line":13,"column":0},"end":{"line":13,"column":18}},"11":{"start":{"line":15,"column":0},"end":{"line":15,"column":20}},"12":{"start":{"line":17,"column":0},"end":{"line":17,"column":28}},"13":{"start":{"line":18,"column":0},"end":{"line":18,"column":24}},"14":{"start":{"line":20,"column":0},"end":{"line":20,"column":10}},"15":{"start":{"line":22,"column":0},"end":{"line":35,"column":3}},"16":{"start":{"line":23,"column":2},"end":{"line":26,"column":3}},"17":{"start":{"line":24,"column":4},"end":{"line":24,"column":37}},"18":{"start":{"line":25,"column":4},"end":{"line":25,"column":29}},"19":{"start":{"line":28,"column":2},"end":{"line":28,"column":72}},"20":{"start":{"line":30,"column":2},"end":{"line":34,"column":3}},"21":{"start":{"line":31,"column":4},"end":{"line":31,"column":13}},"22":{"start":{"line":33,"column":4},"end":{"line":33,"column":11}},"23":{"start":{"line":37,"column":0},"end":{"line":46,"column":1}},"24":{"start":{"line":38,"column":2},"end":{"line":38,"column":39}},"25":{"start":{"line":39,"column":2},"end":{"line":39,"column":58}},"26":{"start":{"line":41,"column":2},"end":{"line":41,"column":52}},"27":{"start":{"line":42,"column":2},"end":{"line":42,"column":54}},"28":{"start":{"line":43,"column":2},"end":{"line":43,"column":74}},"29":{"start":{"line":44,"column":2},"end":{"line":44,"column":84}},"30":{"start":{"line":45,"column":2},"end":{"line":45,"column":13}},"31":{"start":{"line":48,"column":0},"end":{"line":50,"column":1}},"32":{"start":{"line":49,"column":2},"end":{"line":49,"column":20}},"33":{"start":{"line":52,"column":0},"end":{"line":52,"column":6}}},"branchMap":{"1":{"line":4,"type":"if","locations":[{"start":{"line":4,"column":0},"end":{"line":4,"column":0}},{"start":{"line":4,"column":0},"end":{"line":4,"column":0}}]},"2":{"line":23,"type":"if","locations":[{"start":{"line":23,"column":2},"end":{"line":23,"column":2}},{"start":{"line":23,"column":2},"end":{"line":23,"column":2}}]},"3":{"line":30,"type":"if","locations":[{"start":{"line":30,"column":2},"end":{"line":30,"column":2}},{"start":{"line":30,"column":2},"end":{"line":30,"column":2}}]}},"code":["var zmq = require('../');","var assert = require('assert');","","if (process.argv.length != 5) {","  console.log('usage: remote_lat <connect-to> <message-size> <roundtrip-count>');","  process.exit(1);","}","","var connect_to = process.argv[2];","var message_size = Number(process.argv[3]);","var roundtrip_count = Number(process.argv[4]);","var message = new Buffer(message_size);","message.fill('h');","","var recvCounter = 0;","","var req = zmq.socket('req');","req.connect(connect_to);","","var timer;","","req.on('message', function (data) {","  if (!timer) {","    console.log('started receiving');","    timer = process.hrtime();","  }","","  assert.equal(data.length, message_size, 'message-size did not match');","","  if (++recvCounter === roundtrip_count) {","    finish();","  } else {","    send();","  }","});","","function finish() {","  var duration = process.hrtime(timer);","  var millis = duration[0] * 1000 + duration[1] / 1000000;","","  console.log('message size: %d [B]', message_size);","  console.log('roundtrip count: %d', roundtrip_count);","  console.log('mean latency: %d [msecs]', millis / (roundtrip_count * 2));","  console.log('overall time: %d secs and %d nanoseconds', duration[0], duration[1]);","  req.close()","}","","function send() {","  req.send(message);","}","","send()",""],"l":{"1":2,"2":0,"4":0,"5":0,"6":0,"9":0,"10":0,"11":0,"12":0,"13":0,"15":0,"17":0,"18":0,"20":0,"22":0,"23":0,"24":0,"25":0,"28":0,"30":0,"31":0,"33":0,"37":1,"38":0,"39":0,"41":0,"42":0,"43":0,"44":0,"45":0,"48":1,"49":0,"52":0}},"/home/travis/build/npmtest/node-npmtest-zmq/node_modules/zmq/perf/remote_thr.js":{"path":"/home/travis/build/npmtest/node-npmtest-zmq/node_modules/zmq/perf/remote_thr.js","s":{"1":2,"2":0,"3":0,"4":0,"5":0,"6":0,"7":0,"8":0,"9":0,"10":0,"11":0,"12":0,"13":0,"14":1,"15":0,"16":0,"17":0,"18":0,"19":0},"b":{"1":[0,0]},"f":{"1":0,"2":0},"fnMap":{"1":{"name":"send","line":21,"loc":{"start":{"line":21,"column":0},"end":{"line":21,"column":15}}},"2":{"name":"(anonymous_2)","line":27,"loc":{"start":{"line":27,"column":13},"end":{"line":27,"column":25}}}},"statementMap":{"1":{"start":{"line":1,"column":0},"end":{"line":1,"column":24}},"2":{"start":{"line":2,"column":0},"end":{"line":2,"column":30}},"3":{"start":{"line":4,"column":0},"end":{"line":7,"column":1}},"4":{"start":{"line":5,"column":2},"end":{"line":5,"column":75}},"5":{"start":{"line":6,"column":2},"end":{"line":6,"column":17}},"6":{"start":{"line":9,"column":0},"end":{"line":9,"column":32}},"7":{"start":{"line":10,"column":0},"end":{"line":10,"column":42}},"8":{"start":{"line":11,"column":0},"end":{"line":11,"column":43}},"9":{"start":{"line":12,"column":0},"end":{"line":12,"column":38}},"10":{"start":{"line":13,"column":0},"end":{"line":13,"column":17}},"11":{"start":{"line":15,"column":0},"end":{"line":15,"column":15}},"12":{"start":{"line":17,"column":0},"end":{"line":17,"column":29}},"13":{"start":{"line":19,"column":0},"end":{"line":19,"column":24}},"14":{"start":{"line":21,"column":0},"end":{"line":30,"column":1}},"15":{"start":{"line":22,"column":2},"end":{"line":24,"column":3}},"16":{"start":{"line":23,"column":4},"end":{"line":23,"column":22}},"17":{"start":{"line":27,"column":2},"end":{"line":29,"column":11}},"18":{"start":{"line":28,"column":4},"end":{"line":28,"column":16}},"19":{"start":{"line":36,"column":0},"end":{"line":36,"column":23}}},"branchMap":{"1":{"line":4,"type":"if","locations":[{"start":{"line":4,"column":0},"end":{"line":4,"column":0}},{"start":{"line":4,"column":0},"end":{"line":4,"column":0}}]}},"code":["var zmq = require('../')","var assert = require('assert')","","if (process.argv.length != 5) {","  console.log('usage: remote_thr <bind-to> <message-size> <message-count>')","  process.exit(1)","}","","var connect_to = process.argv[2]","var message_size = Number(process.argv[3])","var message_count = Number(process.argv[4])","var message = new Buffer(message_size)","message.fill('h')","","var counter = 0","","var sock = zmq.socket('push')","//sock.setsockopt(zmq.ZMQ_SNDHWM, message_count);","sock.connect(connect_to)","","function send(){","  for (var i = 0; i < message_count; i++) {","    sock.send(message)","  }","","  // all messages may not be received by local_thr if closed immediately","  setTimeout(function () {","    sock.close()","  }, 1000);","}","","// because of what seems to be a bug in node-zmq, we would lose messages","// if we start sending immediately after calling connect(), so to make this","// benchmark behave well, we wait a bit...","","setTimeout(send, 1000);","",""],"l":{"1":2,"2":0,"4":0,"5":0,"6":0,"9":0,"10":0,"11":0,"12":0,"13":0,"15":0,"17":0,"19":0,"21":1,"22":0,"23":0,"27":0,"28":0,"36":0}}}